111.03.16 14:32 B G:\WMP_DVD2\clipped_2100.gdb\a00000001.freelist --> dnrftp.dnr.state.md.us /Public/Outgoing/CCWS/WMP/WMP_DVD2/clipped_2100.gdb a00000001.freelist
111.03.16 14:32 B G:\WMP_DVD2\clipped_2100.gdb\a00000001.gdbindexes --> dnrftp.dnr.state.md.us /Public/Outgoing/CCWS/WMP/WMP_DVD2/clipped_2100.gdb a00000001.gdbindexes
111.03.16 14:32 B G:\WMP_DVD2\clipped_2100.gdb\a00000001.gdbtable --> dnrftp.dnr.state.md.us /Public/Outgoing/CCWS/WMP/WMP_DVD2/clipped_2100.gdb a00000001.gdbtable
111.03.16 14:32 B G:\WMP_DVD2\clipped_2100.gdb\a00000001.gdbtablx --> dnrftp.dnr.state.md.us /Public/Outgoing/CCWS/WMP/WMP_DVD2/clipped_2100.gdb a00000001.gdbtablx
111.03.16 14:32 B G:\WMP_DVD2\clipped_2100.gdb\a00000002.gdbtable --> dnrftp.dnr.state.md.us /Public/Outgoing/CCWS/WMP/WMP_DVD2/clipped_2100.gdb a00000002.gdbtable
111.03.16 14:32 B G:\WMP_DVD2\clipped_2100.gdb\a00000002.gdbtablx --> dnrftp.dnr.state.md.us /Public/Outgoing/CCWS/WMP/WMP_DVD2/clipped_2100.gdb a00000002.gdbtablx
111.03.16 14:32 B G:\WMP_DVD2\clipped_2100.gdb\a00000003.gdbindexes --> dnrftp.dnr.state.md.us /Public/Outgoing/CCWS/WMP/WMP_DVD2/clipped_2100.gdb a00000003.gdbindexes
111.03.16 14:32 B G:\WMP_DVD2\clipped_2100.gdb\a00000003.gdbtable --> dnrftp.dnr.state.md.us /Public/Outgoing/CCWS/WMP/WMP_DVD2/clipped_2100.gdb a00000003.gdbtable
111.03.16 14:32 B G:\WMP_DVD2\clipped_2100.gdb\a00000003.gdbtablx --> dnrftp.dnr.state.md.us /Public/Outgoing/CCWS/WMP/WMP_DVD2/clipped_2100.gdb a00000003.gdbtablx
111.03.16 14:32 B G:\WMP_DVD2\clipped_2100.gdb\a00000004.gdbtable --> dnrftp.dnr.state.md.us /Public/Outgoing/CCWS/WMP/WMP_DVD2/clipped_2100.gdb a00000004.gdbtable
111.03.16 14:32 B G:\WMP_DVD2\clipped_2100.gdb\a00000004.gdbtablx --> dnrftp.dnr.state.md.us /Public/Outgoing/CCWS/WMP/WMP_DVD2/clipped_2100.gdb a00000004.gdbtablx
111.03.16 14:32 B G:\WMP_DVD2\clipped_2100.gdb\a00000005.gdbindexes --> dnrftp.dnr.state.md.us /Public/Outgoing/CCWS/WMP/WMP_DVD2/clipped_2100.gdb a00000005.gdbindexes
111.03.16 14:32 B G:\WMP_DVD2\clipped_2100.gdb\a00000005.gdbtable --> dnrftp.dnr.state.md.us /Public/Outgoing/CCWS/WMP/WMP_DVD2/clipped_2100.gdb a00000005.gdbtable
111.03.16 14:32 B G:\WMP_DVD2\clipped_2100.gdb\a00000005.gdbtablx --> dnrftp.dnr.state.md.us /Public/Outgoing/CCWS/WMP/WMP_DVD2/clipped_2100.gdb a00000005.gdbtablx
111.03.16 14:32 B G:\WMP_DVD2\clipped_2100.gdb\a00000006.freelist --> dnrftp.dnr.state.md.us /Public/Outgoing/CCWS/WMP/WMP_DVD2/clipped_2100.gdb a00000006.freelist
111.03.16 14:32 B G:\WMP_DVD2\clipped_2100.gdb\a00000006.gdbindexes --> dnrftp.dnr.state.md.us /Public/Outgoing/CCWS/WMP/WMP_DVD2/clipped_2100.gdb a00000006.gdbindexes
111.03.16 14:32 B G:\WMP_DVD2\clipped_2100.gdb\a00000006.gdbtable --> dnrftp.dnr.state.md.us /Public/Outgoing/CCWS/WMP/WMP_DVD2/clipped_2100.gdb a00000006.gdbtable
111.03.16 14:32 B G:\WMP_DVD2\clipped_2100.gdb\a00000006.gdbtablx --> dnrftp.dnr.state.md.us /Public/Outgoing/CCWS/WMP/WMP_DVD2/clipped_2100.gdb a00000006.gdbtablx
111.03.16 14:32 B G:\WMP_DVD2\clipped_2100.gdb\a00000007.freelist --> dnrftp.dnr.state.md.us /Public/Outgoing/CCWS/WMP/WMP_DVD2/clipped_2100.gdb a00000007.freelist
111.03.16 14:32 B G:\WMP_DVD2\clipped_2100.gdb\a00000007.gdbtable --> dnrftp.dnr.state.md.us /Public/Outgoing/CCWS/WMP/WMP_DVD2/clipped_2100.gdb a00000007.gdbtable
111.03.16 14:32 B G:\WMP_DVD2\clipped_2100.gdb\a00000007.gdbtablx --> dnrftp.dnr.state.md.us /Public/Outgoing/CCWS/WMP/WMP_DVD2/clipped_2100.gdb a00000007.gdbtablx
111.03.16 14:32 B G:\WMP_DVD2\clipped_2100.gdb\a00000008.freelist --> dnrftp.dnr.state.md.us /Public/Outgoing/CCWS/WMP/WMP_DVD2/clipped_2100.gdb a00000008.freelist
111.03.16 14:32 B G:\WMP_DVD2\clipped_2100.gdb\a00000008.gdbtable --> dnrftp.dnr.state.md.us /Public/Outgoing/CCWS/WMP/WMP_DVD2/clipped_2100.gdb a00000008.gdbtable
111.03.16 14:32 B G:\WMP_DVD2\clipped_2100.gdb\a00000008.gdbtablx --> dnrftp.dnr.state.md.us /Public/Outgoing/CCWS/WMP/WMP_DVD2/clipped_2100.gdb a00000008.gdbtablx
111.03.16 14:32 B G:\WMP_DVD2\clipped_2100.gdb\a00000017.gdbtable --> dnrftp.dnr.state.md.us /Public/Outgoing/CCWS/WMP/WMP_DVD2/clipped_2100.gdb a00000017.gdbtable
111.03.16 14:32 B G:\WMP_DVD2\clipped_2100.gdb\a00000017.gdbtablx --> dnrftp.dnr.state.md.us /Public/Outgoing/CCWS/WMP/WMP_DVD2/clipped_2100.gdb a00000017.gdbtablx
111.03.16 14:32 B G:\WMP_DVD2\clipped_2100.gdb\a00000018.gdbindexes --> dnrftp.dnr.state.md.us /Public/Outgoing/CCWS/WMP/WMP_DVD2/clipped_2100.gdb a00000018.gdbindexes
111.03.16 14:32 B G:\WMP_DVD2\clipped_2100.gdb\a00000018.gdbtable --> dnrftp.dnr.state.md.us /Public/Outgoing/CCWS/WMP/WMP_DVD2/clipped_2100.gdb a00000018.gdbtable
111.03.16 14:32 B G:\WMP_DVD2\clipped_2100.gdb\a00000018.gdbtablx --> dnrftp.dnr.state.md.us /Public/Outgoing/CCWS/WMP/WMP_DVD2/clipped_2100.gdb a00000018.gdbtablx
111.03.16 14:32 B G:\WMP_DVD2\clipped_2100.gdb\a0000001c.freelist --> dnrftp.dnr.state.md.us /Public/Outgoing/CCWS/WMP/WMP_DVD2/clipped_2100.gdb a0000001c.freelist
111.03.16 14:32 B G:\WMP_DVD2\clipped_2100.gdb\a0000001c.gdbindexes --> dnrftp.dnr.state.md.us /Public/Outgoing/CCWS/WMP/WMP_DVD2/clipped_2100.gdb a0000001c.gdbindexes
111.03.16 14:32 B G:\WMP_DVD2\clipped_2100.gdb\a0000001c.gdbtable --> dnrftp.dnr.state.md.us /Public/Outgoing/CCWS/WMP/WMP_DVD2/clipped_2100.gdb a0000001c.gdbtable
111.03.16 14:32 B G:\WMP_DVD2\clipped_2100.gdb\a0000001c.gdbtablx --> dnrftp.dnr.state.md.us /Public/Outgoing/CCWS/WMP/WMP_DVD2/clipped_2100.gdb a0000001c.gdbtablx
111.03.16 14:32 B G:\WMP_DVD2\clipped_2100.gdb\a00000023.freelist --> dnrftp.dnr.state.md.us /Public/Outgoing/CCWS/WMP/WMP_DVD2/clipped_2100.gdb a00000023.freelist
111.03.16 14:32 B G:\WMP_DVD2\clipped_2100.gdb\a00000023.gdbtable --> dnrftp.dnr.state.md.us /Public/Outgoing/CCWS/WMP/WMP_DVD2/clipped_2100.gdb a00000023.gdbtable
111.03.16 14:32 B G:\WMP_DVD2\clipped_2100.gdb\a00000023.gdbtablx --> dnrftp.dnr.state.md.us /Public/Outgoing/CCWS/WMP/WMP_DVD2/clipped_2100.gdb a00000023.gdbtablx
111.03.16 14:32 B G:\WMP_DVD2\clipped_2100.gdb\a00000026.gdbindexes --> dnrftp.dnr.state.md.us /Public/Outgoing/CCWS/WMP/WMP_DVD2/clipped_2100.gdb a00000026.gdbindexes
111.03.16 14:32 B G:\WMP_DVD2\clipped_2100.gdb\a00000026.gdbtable --> dnrftp.dnr.state.md.us /Public/Outgoing/CCWS/WMP/WMP_DVD2/clipped_2100.gdb a00000026.gdbtable
111.03.16 14:32 B G:\WMP_DVD2\clipped_2100.gdb\a00000026.gdbtablx --> dnrftp.dnr.state.md.us /Public/Outgoing/CCWS/WMP/WMP_DVD2/clipped_2100.gdb a00000026.gdbtablx
111.03.16 14:32 B G:\WMP_DVD2\clipped_2100.gdb\a00000026.spx --> dnrftp.dnr.state.md.us /Public/Outgoing/CCWS/WMP/WMP_DVD2/clipped_2100.gdb a00000026.spx
111.03.16 14:32 B G:\WMP_DVD2\clipped_2100.gdb\a00000027.gdbindexes --> dnrftp.dnr.state.md.us /Public/Outgoing/CCWS/WMP/WMP_DVD2/clipped_2100.gdb a00000027.gdbindexes
111.03.16 14:32 B G:\WMP_DVD2\clipped_2100.gdb\a00000027.gdbtable --> dnrftp.dnr.state.md.us /Public/Outgoing/CCWS/WMP/WMP_DVD2/clipped_2100.gdb a00000027.gdbtable
111.03.16 14:32 B G:\WMP_DVD2\clipped_2100.gdb\a00000027.gdbtablx --> dnrftp.dnr.state.md.us /Public/Outgoing/CCWS/WMP/WMP_DVD2/clipped_2100.gdb a00000027.gdbtablx
111.03.16 14:32 B G:\WMP_DVD2\clipped_2100.gdb\a00000028.gdbindexes --> dnrftp.dnr.state.md.us /Public/Outgoing/CCWS/WMP/WMP_DVD2/clipped_2100.gdb a00000028.gdbindexes
111.03.16 14:32 B G:\WMP_DVD2\clipped_2100.gdb\a00000028.gdbtable --> dnrftp.dnr.state.md.us /Public/Outgoing/CCWS/WMP/WMP_DVD2/clipped_2100.gdb a00000028.gdbtable
111.03.16 14:32 B G:\WMP_DVD2\clipped_2100.gdb\a00000028.gdbtablx --> dnrftp.dnr.state.md.us /Public/Outgoing/CCWS/WMP/WMP_DVD2/clipped_2100.gdb a00000028.gdbtablx
111.03.16 14:32 B G:\WMP_DVD2\clipped_2100.gdb\a00000029.blk_key_index.atx --> dnrftp.dnr.state.md.us /Public/Outgoing/CCWS/WMP/WMP_DVD2/clipped_2100.gdb a00000029.blk_key_index.atx
111.03.16 14:32 B G:\WMP_DVD2\clipped_2100.gdb\a00000029.col_index.atx --> dnrftp.dnr.state.md.us /Public/Outgoing/CCWS/WMP/WMP_DVD2/clipped_2100.gdb a00000029.col_index.atx
111.03.16 14:32 B G:\WMP_DVD2\clipped_2100.gdb\a00000029.gdbindexes --> dnrftp.dnr.state.md.us /Public/Outgoing/CCWS/WMP/WMP_DVD2/clipped_2100.gdb a00000029.gdbindexes
111.03.16 14:32 B G:\WMP_DVD2\clipped_2100.gdb\a00000029.gdbtable --> dnrftp.dnr.state.md.us /Public/Outgoing/CCWS/WMP/WMP_DVD2/clipped_2100.gdb a00000029.gdbtable
111.03.16 14:32 B G:\WMP_DVD2\clipped_2100.gdb\a00000029.gdbtablx --> dnrftp.dnr.state.md.us /Public/Outgoing/CCWS/WMP/WMP_DVD2/clipped_2100.gdb a00000029.gdbtablx
111.03.16 14:32 B G:\WMP_DVD2\clipped_2100.gdb\a00000029.row_index.atx --> dnrftp.dnr.state.md.us /Public/Outgoing/CCWS/WMP/WMP_DVD2/clipped_2100.gdb a00000029.row_index.atx
111.03.16 14:32 B G:\WMP_DVD2\clipped_2100.gdb\a0000002a.gdbindexes --> dnrftp.dnr.state.md.us /Public/Outgoing/CCWS/WMP/WMP_DVD2/clipped_2100.gdb a0000002a.gdbindexes
111.03.16 14:32 B G:\WMP_DVD2\clipped_2100.gdb\a0000002a.gdbtable --> dnrftp.dnr.state.md.us /Public/Outgoing/CCWS/WMP/WMP_DVD2/clipped_2100.gdb a0000002a.gdbtable
111.03.16 14:32 B G:\WMP_DVD2\clipped_2100.gdb\a0000002a.gdbtablx --> dnrftp.dnr.state.md.us /Public/Outgoing/CCWS/WMP/WMP_DVD2/clipped_2100.gdb a0000002a.gdbtablx
111.03.16 14:32 B G:\WMP_DVD2\clipped_2100.gdb\a0000002b.gdbindexes --> dnrftp.dnr.state.md.us /Public/Outgoing/CCWS/WMP/WMP_DVD2/clipped_2100.gdb a0000002b.gdbindexes
111.03.16 14:32 B G:\WMP_DVD2\clipped_2100.gdb\a0000002b.gdbtable --> dnrftp.dnr.state.md.us /Public/Outgoing/CCWS/WMP/WMP_DVD2/clipped_2100.gdb a0000002b.gdbtable
111.03.16 14:32 B G:\WMP_DVD2\clipped_2100.gdb\a0000002b.gdbtablx --> dnrftp.dnr.state.md.us /Public/Outgoing/CCWS/WMP/WMP_DVD2/clipped_2100.gdb a0000002b.gdbtablx
111.03.16 14:32 B G:\WMP_DVD2\clipped_2100.gdb\a0000002c.gdbindexes --> dnrftp.dnr.state.md.us /Public/Outgoing/CCWS/WMP/WMP_DVD2/clipped_2100.gdb a0000002c.gdbindexes
111.03.16 14:32 B G:\WMP_DVD2\clipped_2100.gdb\a0000002c.gdbtable --> dnrftp.dnr.state.md.us /Public/Outgoing/CCWS/WMP/WMP_DVD2/clipped_2100.gdb a0000002c.gdbtable
111.03.16 14:32 B G:\WMP_DVD2\clipped_2100.gdb\a0000002c.gdbtablx --> dnrftp.dnr.state.md.us /Public/Outgoing/CCWS/WMP/WMP_DVD2/clipped_2100.gdb a0000002c.gdbtablx
111.03.16 14:32 B G:\WMP_DVD2\clipped_2100.gdb\a0000002c.spx --> dnrftp.dnr.state.md.us /Public/Outgoing/CCWS/WMP/WMP_DVD2/clipped_2100.gdb a0000002c.spx
111.03.16 14:32 B G:\WMP_DVD2\clipped_2100.gdb\a0000002d.gdbindexes --> dnrftp.dnr.state.md.us /Public/Outgoing/CCWS/WMP/WMP_DVD2/clipped_2100.gdb a0000002d.gdbindexes
111.03.16 14:32 B G:\WMP_DVD2\clipped_2100.gdb\a0000002d.gdbtable --> dnrftp.dnr.state.md.us /Public/Outgoing/CCWS/WMP/WMP_DVD2/clipped_2100.gdb a0000002d.gdbtable
111.03.16 14:32 B G:\WMP_DVD2\clipped_2100.gdb\a0000002d.gdbtablx --> dnrftp.dnr.state.md.us /Public/Outgoing/CCWS/WMP/WMP_DVD2/clipped_2100.gdb a0000002d.gdbtablx
111.03.16 14:32 B G:\WMP_DVD2\clipped_2100.gdb\a0000002e.gdbindexes --> dnrftp.dnr.state.md.us /Public/Outgoing/CCWS/WMP/WMP_DVD2/clipped_2100.gdb a0000002e.gdbindexes
111.03.16 14:32 B G:\WMP_DVD2\clipped_2100.gdb\a0000002e.gdbtable --> dnrftp.dnr.state.md.us /Public/Outgoing/CCWS/WMP/WMP_DVD2/clipped_2100.gdb a0000002e.gdbtable
111.03.16 14:32 B G:\WMP_DVD2\clipped_2100.gdb\a0000002e.gdbtablx --> dnrftp.dnr.state.md.us /Public/Outgoing/CCWS/WMP/WMP_DVD2/clipped_2100.gdb a0000002e.gdbtablx
111.03.16 14:32 B G:\WMP_DVD2\clipped_2100.gdb\a0000002f.blk_key_index.atx --> dnrftp.dnr.state.md.us /Public/Outgoing/CCWS/WMP/WMP_DVD2/clipped_2100.gdb a0000002f.blk_key_index.atx
111.03.16 14:32 B G:\WMP_DVD2\clipped_2100.gdb\a0000002f.col_index.atx --> dnrftp.dnr.state.md.us /Public/Outgoing/CCWS/WMP/WMP_DVD2/clipped_2100.gdb a0000002f.col_index.atx
111.03.16 14:32 B G:\WMP_DVD2\clipped_2100.gdb\a0000002f.gdbindexes --> dnrftp.dnr.state.md.us /Public/Outgoing/CCWS/WMP/WMP_DVD2/clipped_2100.gdb a0000002f.gdbindexes
111.03.16 14:32 B G:\WMP_DVD2\clipped_2100.gdb\a0000002f.gdbtable --> dnrftp.dnr.state.md.us /Public/Outgoing/CCWS/WMP/WMP_DVD2/clipped_2100.gdb a0000002f.gdbtable
111.03.16 14:32 B G:\WMP_DVD2\clipped_2100.gdb\a0000002f.gdbtablx --> dnrftp.dnr.state.md.us /Public/Outgoing/CCWS/WMP/WMP_DVD2/clipped_2100.gdb a0000002f.gdbtablx
111.03.16 14:32 B G:\WMP_DVD2\clipped_2100.gdb\a0000002f.row_index.atx --> dnrftp.dnr.state.md.us /Public/Outgoing/CCWS/WMP/WMP_DVD2/clipped_2100.gdb a0000002f.row_index.atx
111.03.16 14:32 B G:\WMP_DVD2\clipped_2100.gdb\a00000030.gdbindexes --> dnrftp.dnr.state.md.us /Public/Outgoing/CCWS/WMP/WMP_DVD2/clipped_2100.gdb a00000030.gdbindexes
111.03.16 14:32 B G:\WMP_DVD2\clipped_2100.gdb\a00000030.gdbtable --> dnrftp.dnr.state.md.us /Public/Outgoing/CCWS/WMP/WMP_DVD2/clipped_2100.gdb a00000030.gdbtable
111.03.16 14:32 B G:\WMP_DVD2\clipped_2100.gdb\a00000030.gdbtablx --> dnrftp.dnr.state.md.us /Public/Outgoing/CCWS/WMP/WMP_DVD2/clipped_2100.gdb a00000030.gdbtablx
111.03.16 14:32 B G:\WMP_DVD2\clipped_2100.gdb\a00000031.gdbindexes --> dnrftp.dnr.state.md.us /Public/Outgoing/CCWS/WMP/WMP_DVD2/clipped_2100.gdb a00000031.gdbindexes
111.03.16 14:32 B G:\WMP_DVD2\clipped_2100.gdb\a00000031.gdbtable --> dnrftp.dnr.state.md.us /Public/Outgoing/CCWS/WMP/WMP_DVD2/clipped_2100.gdb a00000031.gdbtable
111.03.16 14:32 B G:\WMP_DVD2\clipped_2100.gdb\a00000031.gdbtablx --> dnrftp.dnr.state.md.us /Public/Outgoing/CCWS/WMP/WMP_DVD2/clipped_2100.gdb a00000031.gdbtablx
111.03.16 14:32 B G:\WMP_DVD2\clipped_2100.gdb\a00000032.gdbindexes --> dnrftp.dnr.state.md.us /Public/Outgoing/CCWS/WMP/WMP_DVD2/clipped_2100.gdb a00000032.gdbindexes
111.03.16 14:32 B G:\WMP_DVD2\clipped_2100.gdb\a00000032.gdbtable --> dnrftp.dnr.state.md.us /Public/Outgoing/CCWS/WMP/WMP_DVD2/clipped_2100.gdb a00000032.gdbtable
111.03.16 14:32 B G:\WMP_DVD2\clipped_2100.gdb\a00000032.gdbtablx --> dnrftp.dnr.state.md.us /Public/Outgoing/CCWS/WMP/WMP_DVD2/clipped_2100.gdb a00000032.gdbtablx
111.03.16 14:32 B G:\WMP_DVD2\clipped_2100.gdb\a00000032.spx --> dnrftp.dnr.state.md.us /Public/Outgoing/CCWS/WMP/WMP_DVD2/clipped_2100.gdb a00000032.spx
111.03.16 14:32 B G:\WMP_DVD2\clipped_2100.gdb\a00000033.gdbindexes --> dnrftp.dnr.state.md.us /Public/Outgoing/CCWS/WMP/WMP_DVD2/clipped_2100.gdb a00000033.gdbindexes
111.03.16 14:32 B G:\WMP_DVD2\clipped_2100.gdb\a00000033.gdbtable --> dnrftp.dnr.state.md.us /Public/Outgoing/CCWS/WMP/WMP_DVD2/clipped_2100.gdb a00000033.gdbtable
111.03.16 14:32 B G:\WMP_DVD2\clipped_2100.gdb\a00000033.gdbtablx --> dnrftp.dnr.state.md.us /Public/Outgoing/CCWS/WMP/WMP_DVD2/clipped_2100.gdb a00000033.gdbtablx
111.03.16 14:32 B G:\WMP_DVD2\clipped_2100.gdb\a00000034.gdbindexes --> dnrftp.dnr.state.md.us /Public/Outgoing/CCWS/WMP/WMP_DVD2/clipped_2100.gdb a00000034.gdbindexes
111.03.16 14:32 B G:\WMP_DVD2\clipped_2100.gdb\a00000034.gdbtable --> dnrftp.dnr.state.md.us /Public/Outgoing/CCWS/WMP/WMP_DVD2/clipped_2100.gdb a00000034.gdbtable
111.03.16 14:32 B G:\WMP_DVD2\clipped_2100.gdb\a00000034.gdbtablx --> dnrftp.dnr.state.md.us /Public/Outgoing/CCWS/WMP/WMP_DVD2/clipped_2100.gdb a00000034.gdbtablx
111.03.16 14:32 B G:\WMP_DVD2\clipped_2100.gdb\a00000035.blk_key_index.atx --> dnrftp.dnr.state.md.us /Public/Outgoing/CCWS/WMP/WMP_DVD2/clipped_2100.gdb a00000035.blk_key_index.atx
111.03.16 14:32 B G:\WMP_DVD2\clipped_2100.gdb\a00000035.col_index.atx --> dnrftp.dnr.state.md.us /Public/Outgoing/CCWS/WMP/WMP_DVD2/clipped_2100.gdb a00000035.col_index.atx
111.03.16 14:32 B G:\WMP_DVD2\clipped_2100.gdb\a00000035.gdbindexes --> dnrftp.dnr.state.md.us /Public/Outgoing/CCWS/WMP/WMP_DVD2/clipped_2100.gdb a00000035.gdbindexes
111.03.16 14:32 B G:\WMP_DVD2\clipped_2100.gdb\a00000035.gdbtable --> dnrftp.dnr.state.md.us /Public/Outgoing/CCWS/WMP/WMP_DVD2/clipped_2100.gdb a00000035.gdbtable
111.03.16 14:32 B G:\WMP_DVD2\clipped_2100.gdb\a00000035.gdbtablx --> dnrftp.dnr.state.md.us /Public/Outgoing/CCWS/WMP/WMP_DVD2/clipped_2100.gdb a00000035.gdbtablx
111.03.16 14:32 B G:\WMP_DVD2\clipped_2100.gdb\a00000035.row_index.atx --> dnrftp.dnr.state.md.us /Public/Outgoing/CCWS/WMP/WMP_DVD2/clipped_2100.gdb a00000035.row_index.atx
111.03.16 14:32 B G:\WMP_DVD2\clipped_2100.gdb\a00000036.gdbindexes --> dnrftp.dnr.state.md.us /Public/Outgoing/CCWS/WMP/WMP_DVD2/clipped_2100.gdb a00000036.gdbindexes
111.03.16 14:32 B G:\WMP_DVD2\clipped_2100.gdb\a00000036.gdbtable --> dnrftp.dnr.state.md.us /Public/Outgoing/CCWS/WMP/WMP_DVD2/clipped_2100.gdb a00000036.gdbtable
111.03.16 14:32 B G:\WMP_DVD2\clipped_2100.gdb\a00000036.gdbtablx --> dnrftp.dnr.state.md.us /Public/Outgoing/CCWS/WMP/WMP_DVD2/clipped_2100.gdb a00000036.gdbtablx
111.03.16 14:32 B G:\WMP_DVD2\clipped_2100.gdb\a00000037.gdbindexes --> dnrftp.dnr.state.md.us /Public/Outgoing/CCWS/WMP/WMP_DVD2/clipped_2100.gdb a00000037.gdbindexes
111.03.16 14:32 B G:\WMP_DVD2\clipped_2100.gdb\a00000037.gdbtable --> dnrftp.dnr.state.md.us /Public/Outgoing/CCWS/WMP/WMP_DVD2/clipped_2100.gdb a00000037.gdbtable
111.03.16 14:32 B G:\WMP_DVD2\clipped_2100.gdb\a00000037.gdbtablx --> dnrftp.dnr.state.md.us /Public/Outgoing/CCWS/WMP/WMP_DVD2/clipped_2100.gdb a00000037.gdbtablx
111.03.16 14:32 B G:\WMP_DVD2\clipped_2100.gdb\a00000038.gdbindexes --> dnrftp.dnr.state.md.us /Public/Outgoing/CCWS/WMP/WMP_DVD2/clipped_2100.gdb a00000038.gdbindexes
111.03.16 14:32 B G:\WMP_DVD2\clipped_2100.gdb\a00000038.gdbtable --> dnrftp.dnr.state.md.us /Public/Outgoing/CCWS/WMP/WMP_DVD2/clipped_2100.gdb a00000038.gdbtable
111.03.16 14:32 B G:\WMP_DVD2\clipped_2100.gdb\a00000038.gdbtablx --> dnrftp.dnr.state.md.us /Public/Outgoing/CCWS/WMP/WMP_DVD2/clipped_2100.gdb a00000038.gdbtablx
111.03.16 14:32 B G:\WMP_DVD2\clipped_2100.gdb\a00000038.spx --> dnrftp.dnr.state.md.us /Public/Outgoing/CCWS/WMP/WMP_DVD2/clipped_2100.gdb a00000038.spx
111.03.16 14:32 B G:\WMP_DVD2\clipped_2100.gdb\a00000039.gdbindexes --> dnrftp.dnr.state.md.us /Public/Outgoing/CCWS/WMP/WMP_DVD2/clipped_2100.gdb a00000039.gdbindexes
111.03.16 14:32 B G:\WMP_DVD2\clipped_2100.gdb\a00000039.gdbtable --> dnrftp.dnr.state.md.us /Public/Outgoing/CCWS/WMP/WMP_DVD2/clipped_2100.gdb a00000039.gdbtable
111.03.16 14:32 B G:\WMP_DVD2\clipped_2100.gdb\a00000039.gdbtablx --> dnrftp.dnr.state.md.us /Public/Outgoing/CCWS/WMP/WMP_DVD2/clipped_2100.gdb a00000039.gdbtablx
111.03.16 14:32 B G:\WMP_DVD2\clipped_2100.gdb\a0000003a.gdbindexes --> dnrftp.dnr.state.md.us /Public/Outgoing/CCWS/WMP/WMP_DVD2/clipped_2100.gdb a0000003a.gdbindexes
111.03.16 14:32 B G:\WMP_DVD2\clipped_2100.gdb\a0000003a.gdbtable --> dnrftp.dnr.state.md.us /Public/Outgoing/CCWS/WMP/WMP_DVD2/clipped_2100.gdb a0000003a.gdbtable
111.03.16 14:32 B G:\WMP_DVD2\clipped_2100.gdb\a0000003a.gdbtablx --> dnrftp.dnr.state.md.us /Public/Outgoing/CCWS/WMP/WMP_DVD2/clipped_2100.gdb a0000003a.gdbtablx
111.03.16 14:32 B G:\WMP_DVD2\clipped_2100.gdb\a0000003b.blk_key_index.atx --> dnrftp.dnr.state.md.us /Public/Outgoing/CCWS/WMP/WMP_DVD2/clipped_2100.gdb a0000003b.blk_key_index.atx
111.03.16 14:32 B G:\WMP_DVD2\clipped_2100.gdb\a0000003b.col_index.atx --> dnrftp.dnr.state.md.us /Public/Outgoing/CCWS/WMP/WMP_DVD2/clipped_2100.gdb a0000003b.col_index.atx
111.03.16 14:32 B G:\WMP_DVD2\clipped_2100.gdb\a0000003b.gdbindexes --> dnrftp.dnr.state.md.us /Public/Outgoing/CCWS/WMP/WMP_DVD2/clipped_2100.gdb a0000003b.gdbindexes
111.03.16 14:32 B G:\WMP_DVD2\clipped_2100.gdb\a0000003b.gdbtable --> dnrftp.dnr.state.md.us /Public/Outgoing/CCWS/WMP/WMP_DVD2/clipped_2100.gdb a0000003b.gdbtable
111.03.16 14:32 B G:\WMP_DVD2\clipped_2100.gdb\a0000003b.gdbtablx --> dnrftp.dnr.state.md.us /Public/Outgoing/CCWS/WMP/WMP_DVD2/clipped_2100.gdb a0000003b.gdbtablx
111.03.16 14:32 B G:\WMP_DVD2\clipped_2100.gdb\a0000003b.row_index.atx --> dnrftp.dnr.state.md.us /Public/Outgoing/CCWS/WMP/WMP_DVD2/clipped_2100.gdb a0000003b.row_index.atx
111.03.16 14:32 B G:\WMP_DVD2\clipped_2100.gdb\a0000003c.gdbindexes --> dnrftp.dnr.state.md.us /Public/Outgoing/CCWS/WMP/WMP_DVD2/clipped_2100.gdb a0000003c.gdbindexes
111.03.16 14:32 B G:\WMP_DVD2\clipped_2100.gdb\a0000003c.gdbtable --> dnrftp.dnr.state.md.us /Public/Outgoing/CCWS/WMP/WMP_DVD2/clipped_2100.gdb a0000003c.gdbtable
111.03.16 14:32 B G:\WMP_DVD2\clipped_2100.gdb\a0000003c.gdbtablx --> dnrftp.dnr.state.md.us /Public/Outgoing/CCWS/WMP/WMP_DVD2/clipped_2100.gdb a0000003c.gdbtablx
111.03.16 14:32 B G:\WMP_DVD2\clipped_2100.gdb\a0000003d.gdbindexes --> dnrftp.dnr.state.md.us /Public/Outgoing/CCWS/WMP/WMP_DVD2/clipped_2100.gdb a0000003d.gdbindexes
111.03.16 14:32 B G:\WMP_DVD2\clipped_2100.gdb\a0000003d.gdbtable --> dnrftp.dnr.state.md.us /Public/Outgoing/CCWS/WMP/WMP_DVD2/clipped_2100.gdb a0000003d.gdbtable
111.03.16 14:32 B G:\WMP_DVD2\clipped_2100.gdb\a0000003d.gdbtablx --> dnrftp.dnr.state.md.us /Public/Outgoing/CCWS/WMP/WMP_DVD2/clipped_2100.gdb a0000003d.gdbtablx
111.03.16 14:32 B G:\WMP_DVD2\clipped_2100.gdb\a0000003e.gdbindexes --> dnrftp.dnr.state.md.us /Public/Outgoing/CCWS/WMP/WMP_DVD2/clipped_2100.gdb a0000003e.gdbindexes
111.03.16 14:32 B G:\WMP_DVD2\clipped_2100.gdb\a0000003e.gdbtable --> dnrftp.dnr.state.md.us /Public/Outgoing/CCWS/WMP/WMP_DVD2/clipped_2100.gdb a0000003e.gdbtable
111.03.16 14:32 B G:\WMP_DVD2\clipped_2100.gdb\a0000003e.gdbtablx --> dnrftp.dnr.state.md.us /Public/Outgoing/CCWS/WMP/WMP_DVD2/clipped_2100.gdb a0000003e.gdbtablx
111.03.16 14:32 B G:\WMP_DVD2\clipped_2100.gdb\a0000003e.spx --> dnrftp.dnr.state.md.us /Public/Outgoing/CCWS/WMP/WMP_DVD2/clipped_2100.gdb a0000003e.spx
111.03.16 14:32 B G:\WMP_DVD2\clipped_2100.gdb\a0000003f.gdbindexes --> dnrftp.dnr.state.md.us /Public/Outgoing/CCWS/WMP/WMP_DVD2/clipped_2100.gdb a0000003f.gdbindexes
111.03.16 14:32 B G:\WMP_DVD2\clipped_2100.gdb\a0000003f.gdbtable --> dnrftp.dnr.state.md.us /Public/Outgoing/CCWS/WMP/WMP_DVD2/clipped_2100.gdb a0000003f.gdbtable
111.03.16 14:32 B G:\WMP_DVD2\clipped_2100.gdb\a0000003f.gdbtablx --> dnrftp.dnr.state.md.us /Public/Outgoing/CCWS/WMP/WMP_DVD2/clipped_2100.gdb a0000003f.gdbtablx
111.03.16 14:32 B G:\WMP_DVD2\clipped_2100.gdb\a00000040.gdbindexes --> dnrftp.dnr.state.md.us /Public/Outgoing/CCWS/WMP/WMP_DVD2/clipped_2100.gdb a00000040.gdbindexes
111.03.16 14:32 B G:\WMP_DVD2\clipped_2100.gdb\a00000040.gdbtable --> dnrftp.dnr.state.md.us /Public/Outgoing/CCWS/WMP/WMP_DVD2/clipped_2100.gdb a00000040.gdbtable
111.03.16 14:32 B G:\WMP_DVD2\clipped_2100.gdb\a00000040.gdbtablx --> dnrftp.dnr.state.md.us /Public/Outgoing/CCWS/WMP/WMP_DVD2/clipped_2100.gdb a00000040.gdbtablx
111.03.16 14:32 B G:\WMP_DVD2\clipped_2100.gdb\a00000041.blk_key_index.atx --> dnrftp.dnr.state.md.us /Public/Outgoing/CCWS/WMP/WMP_DVD2/clipped_2100.gdb a00000041.blk_key_index.atx
111.03.16 14:32 B G:\WMP_DVD2\clipped_2100.gdb\a00000041.col_index.atx --> dnrftp.dnr.state.md.us /Public/Outgoing/CCWS/WMP/WMP_DVD2/clipped_2100.gdb a00000041.col_index.atx
111.03.16 14:32 B G:\WMP_DVD2\clipped_2100.gdb\a00000041.gdbindexes --> dnrftp.dnr.state.md.us /Public/Outgoing/CCWS/WMP/WMP_DVD2/clipped_2100.gdb a00000041.gdbindexes
111.03.16 14:32 B G:\WMP_DVD2\clipped_2100.gdb\a00000041.gdbtable --> dnrftp.dnr.state.md.us /Public/Outgoing/CCWS/WMP/WMP_DVD2/clipped_2100.gdb a00000041.gdbtable
111.03.16 14:32 B G:\WMP_DVD2\clipped_2100.gdb\a00000041.gdbtablx --> dnrftp.dnr.state.md.us /Public/Outgoing/CCWS/WMP/WMP_DVD2/clipped_2100.gdb a00000041.gdbtablx
111.03.16 14:32 B G:\WMP_DVD2\clipped_2100.gdb\a00000041.row_index.atx --> dnrftp.dnr.state.md.us /Public/Outgoing/CCWS/WMP/WMP_DVD2/clipped_2100.gdb a00000041.row_index.atx
111.03.16 14:32 B G:\WMP_DVD2\clipped_2100.gdb\a00000042.gdbindexes --> dnrftp.dnr.state.md.us /Public/Outgoing/CCWS/WMP/WMP_DVD2/clipped_2100.gdb a00000042.gdbindexes
111.03.16 14:32 B G:\WMP_DVD2\clipped_2100.gdb\a00000042.gdbtable --> dnrftp.dnr.state.md.us /Public/Outgoing/CCWS/WMP/WMP_DVD2/clipped_2100.gdb a00000042.gdbtable
111.03.16 14:32 B G:\WMP_DVD2\clipped_2100.gdb\a00000042.gdbtablx --> dnrftp.dnr.state.md.us /Public/Outgoing/CCWS/WMP/WMP_DVD2/clipped_2100.gdb a00000042.gdbtablx
111.03.16 14:32 B G:\WMP_DVD2\clipped_2100.gdb\a00000043.gdbindexes --> dnrftp.dnr.state.md.us /Public/Outgoing/CCWS/WMP/WMP_DVD2/clipped_2100.gdb a00000043.gdbindexes
111.03.16 14:32 B G:\WMP_DVD2\clipped_2100.gdb\a00000043.gdbtable --> dnrftp.dnr.state.md.us /Public/Outgoing/CCWS/WMP/WMP_DVD2/clipped_2100.gdb a00000043.gdbtable
111.03.16 14:32 B G:\WMP_DVD2\clipped_2100.gdb\a00000043.gdbtablx --> dnrftp.dnr.state.md.us /Public/Outgoing/CCWS/WMP/WMP_DVD2/clipped_2100.gdb a00000043.gdbtablx
111.03.16 14:32 B G:\WMP_DVD2\clipped_2100.gdb\a00000044.gdbindexes --> dnrftp.dnr.state.md.us /Public/Outgoing/CCWS/WMP/WMP_DVD2/clipped_2100.gdb a00000044.gdbindexes
111.03.16 14:32 B G:\WMP_DVD2\clipped_2100.gdb\a00000044.gdbtable --> dnrftp.dnr.state.md.us /Public/Outgoing/CCWS/WMP/WMP_DVD2/clipped_2100.gdb a00000044.gdbtable
111.03.16 14:32 B G:\WMP_DVD2\clipped_2100.gdb\a00000044.gdbtablx --> dnrftp.dnr.state.md.us /Public/Outgoing/CCWS/WMP/WMP_DVD2/clipped_2100.gdb a00000044.gdbtablx
111.03.16 14:32 B G:\WMP_DVD2\clipped_2100.gdb\a00000044.spx --> dnrftp.dnr.state.md.us /Public/Outgoing/CCWS/WMP/WMP_DVD2/clipped_2100.gdb a00000044.spx
111.03.16 14:32 B G:\WMP_DVD2\clipped_2100.gdb\a00000045.gdbindexes --> dnrftp.dnr.state.md.us /Public/Outgoing/CCWS/WMP/WMP_DVD2/clipped_2100.gdb a00000045.gdbindexes
111.03.16 14:32 B G:\WMP_DVD2\clipped_2100.gdb\a00000045.gdbtable --> dnrftp.dnr.state.md.us /Public/Outgoing/CCWS/WMP/WMP_DVD2/clipped_2100.gdb a00000045.gdbtable
111.03.16 14:32 B G:\WMP_DVD2\clipped_2100.gdb\a00000045.gdbtablx --> dnrftp.dnr.state.md.us /Public/Outgoing/CCWS/WMP/WMP_DVD2/clipped_2100.gdb a00000045.gdbtablx
111.03.16 14:32 B G:\WMP_DVD2\clipped_2100.gdb\a00000046.gdbindexes --> dnrftp.dnr.state.md.us /Public/Outgoing/CCWS/WMP/WMP_DVD2/clipped_2100.gdb a00000046.gdbindexes
111.03.16 14:32 B G:\WMP_DVD2\clipped_2100.gdb\a00000046.gdbtable --> dnrftp.dnr.state.md.us /Public/Outgoing/CCWS/WMP/WMP_DVD2/clipped_2100.gdb a00000046.gdbtable
111.03.16 14:32 B G:\WMP_DVD2\clipped_2100.gdb\a00000046.gdbtablx --> dnrftp.dnr.state.md.us /Public/Outgoing/CCWS/WMP/WMP_DVD2/clipped_2100.gdb a00000046.gdbtablx
111.03.16 14:32 B G:\WMP_DVD2\clipped_2100.gdb\a00000047.blk_key_index.atx --> dnrftp.dnr.state.md.us /Public/Outgoing/CCWS/WMP/WMP_DVD2/clipped_2100.gdb a00000047.blk_key_index.atx
111.03.16 14:32 B G:\WMP_DVD2\clipped_2100.gdb\a00000047.col_index.atx --> dnrftp.dnr.state.md.us /Public/Outgoing/CCWS/WMP/WMP_DVD2/clipped_2100.gdb a00000047.col_index.atx
111.03.16 14:32 B G:\WMP_DVD2\clipped_2100.gdb\a00000047.gdbindexes --> dnrftp.dnr.state.md.us /Public/Outgoing/CCWS/WMP/WMP_DVD2/clipped_2100.gdb a00000047.gdbindexes
111.03.16 14:32 B G:\WMP_DVD2\clipped_2100.gdb\a00000047.gdbtable --> dnrftp.dnr.state.md.us /Public/Outgoing/CCWS/WMP/WMP_DVD2/clipped_2100.gdb a00000047.gdbtable
111.03.16 14:32 B G:\WMP_DVD2\clipped_2100.gdb\a00000047.gdbtablx --> dnrftp.dnr.state.md.us /Public/Outgoing/CCWS/WMP/WMP_DVD2/clipped_2100.gdb a00000047.gdbtablx
111.03.16 14:32 B G:\WMP_DVD2\clipped_2100.gdb\a00000047.row_index.atx --> dnrftp.dnr.state.md.us /Public/Outgoing/CCWS/WMP/WMP_DVD2/clipped_2100.gdb a00000047.row_index.atx
111.03.16 14:32 B G:\WMP_DVD2\clipped_2100.gdb\a00000048.gdbindexes --> dnrftp.dnr.state.md.us /Public/Outgoing/CCWS/WMP/WMP_DVD2/clipped_2100.gdb a00000048.gdbindexes
111.03.16 14:32 B G:\WMP_DVD2\clipped_2100.gdb\a00000048.gdbtable --> dnrftp.dnr.state.md.us /Public/Outgoing/CCWS/WMP/WMP_DVD2/clipped_2100.gdb a00000048.gdbtable
111.03.16 14:32 B G:\WMP_DVD2\clipped_2100.gdb\a00000048.gdbtablx --> dnrftp.dnr.state.md.us /Public/Outgoing/CCWS/WMP/WMP_DVD2/clipped_2100.gdb a00000048.gdbtablx
111.03.16 14:32 B G:\WMP_DVD2\clipped_2100.gdb\a00000049.gdbindexes --> dnrftp.dnr.state.md.us /Public/Outgoing/CCWS/WMP/WMP_DVD2/clipped_2100.gdb a00000049.gdbindexes
111.03.16 14:32 B G:\WMP_DVD2\clipped_2100.gdb\a00000049.gdbtable --> dnrftp.dnr.state.md.us /Public/Outgoing/CCWS/WMP/WMP_DVD2/clipped_2100.gdb a00000049.gdbtable
111.03.16 14:32 B G:\WMP_DVD2\clipped_2100.gdb\a00000049.gdbtablx --> dnrftp.dnr.state.md.us /Public/Outgoing/CCWS/WMP/WMP_DVD2/clipped_2100.gdb a00000049.gdbtablx
111.03.16 14:32 B G:\WMP_DVD2\clipped_2100.gdb\a0000004a.gdbindexes --> dnrftp.dnr.state.md.us /Public/Outgoing/CCWS/WMP/WMP_DVD2/clipped_2100.gdb a0000004a.gdbindexes
111.03.16 14:32 B G:\WMP_DVD2\clipped_2100.gdb\a0000004a.gdbtable --> dnrftp.dnr.state.md.us /Public/Outgoing/CCWS/WMP/WMP_DVD2/clipped_2100.gdb a0000004a.gdbtable
111.03.16 14:32 B G:\WMP_DVD2\clipped_2100.gdb\a0000004a.gdbtablx --> dnrftp.dnr.state.md.us /Public/Outgoing/CCWS/WMP/WMP_DVD2/clipped_2100.gdb a0000004a.gdbtablx
111.03.16 14:32 B G:\WMP_DVD2\clipped_2100.gdb\a0000004a.spx --> dnrftp.dnr.state.md.us /Public/Outgoing/CCWS/WMP/WMP_DVD2/clipped_2100.gdb a0000004a.spx
111.03.16 14:32 B G:\WMP_DVD2\clipped_2100.gdb\a0000004b.gdbindexes --> dnrftp.dnr.state.md.us /Public/Outgoing/CCWS/WMP/WMP_DVD2/clipped_2100.gdb a0000004b.gdbindexes
111.03.16 14:32 B G:\WMP_DVD2\clipped_2100.gdb\a0000004b.gdbtable --> dnrftp.dnr.state.md.us /Public/Outgoing/CCWS/WMP/WMP_DVD2/clipped_2100.gdb a0000004b.gdbtable
111.03.16 14:32 B G:\WMP_DVD2\clipped_2100.gdb\a0000004b.gdbtablx --> dnrftp.dnr.state.md.us /Public/Outgoing/CCWS/WMP/WMP_DVD2/clipped_2100.gdb a0000004b.gdbtablx
111.03.16 14:32 B G:\WMP_DVD2\clipped_2100.gdb\a0000004c.gdbindexes --> dnrftp.dnr.state.md.us /Public/Outgoing/CCWS/WMP/WMP_DVD2/clipped_2100.gdb a0000004c.gdbindexes
111.03.16 14:32 B G:\WMP_DVD2\clipped_2100.gdb\a0000004c.gdbtable --> dnrftp.dnr.state.md.us /Public/Outgoing/CCWS/WMP/WMP_DVD2/clipped_2100.gdb a0000004c.gdbtable
111.03.16 14:32 B G:\WMP_DVD2\clipped_2100.gdb\a0000004c.gdbtablx --> dnrftp.dnr.state.md.us /Public/Outgoing/CCWS/WMP/WMP_DVD2/clipped_2100.gdb a0000004c.gdbtablx
111.03.16 14:32 B G:\WMP_DVD2\clipped_2100.gdb\a0000004d.blk_key_index.atx --> dnrftp.dnr.state.md.us /Public/Outgoing/CCWS/WMP/WMP_DVD2/clipped_2100.gdb a0000004d.blk_key_index.atx
111.03.16 14:32 B G:\WMP_DVD2\clipped_2100.gdb\a0000004d.col_index.atx --> dnrftp.dnr.state.md.us /Public/Outgoing/CCWS/WMP/WMP_DVD2/clipped_2100.gdb a0000004d.col_index.atx
111.03.16 14:32 B G:\WMP_DVD2\clipped_2100.gdb\a0000004d.gdbindexes --> dnrftp.dnr.state.md.us /Public/Outgoing/CCWS/WMP/WMP_DVD2/clipped_2100.gdb a0000004d.gdbindexes
111.03.16 14:32 B G:\WMP_DVD2\clipped_2100.gdb\a0000004d.gdbtable --> dnrftp.dnr.state.md.us /Public/Outgoing/CCWS/WMP/WMP_DVD2/clipped_2100.gdb a0000004d.gdbtable
111.03.16 14:32 B G:\WMP_DVD2\clipped_2100.gdb\a0000004d.gdbtablx --> dnrftp.dnr.state.md.us /Public/Outgoing/CCWS/WMP/WMP_DVD2/clipped_2100.gdb a0000004d.gdbtablx
111.03.16 14:33 B G:\WMP_DVD2\clipped_2100.gdb\a0000004d.row_index.atx --> dnrftp.dnr.state.md.us /Public/Outgoing/CCWS/WMP/WMP_DVD2/clipped_2100.gdb a0000004d.row_index.atx
111.03.16 14:33 B G:\WMP_DVD2\clipped_2100.gdb\a0000004e.gdbindexes --> dnrftp.dnr.state.md.us /Public/Outgoing/CCWS/WMP/WMP_DVD2/clipped_2100.gdb a0000004e.gdbindexes
111.03.16 14:33 B G:\WMP_DVD2\clipped_2100.gdb\a0000004e.gdbtable --> dnrftp.dnr.state.md.us /Public/Outgoing/CCWS/WMP/WMP_DVD2/clipped_2100.gdb a0000004e.gdbtable
111.03.16 14:33 B G:\WMP_DVD2\clipped_2100.gdb\a0000004e.gdbtablx --> dnrftp.dnr.state.md.us /Public/Outgoing/CCWS/WMP/WMP_DVD2/clipped_2100.gdb a0000004e.gdbtablx
111.03.16 14:33 B G:\WMP_DVD2\clipped_2100.gdb\a0000004f.gdbindexes --> dnrftp.dnr.state.md.us /Public/Outgoing/CCWS/WMP/WMP_DVD2/clipped_2100.gdb a0000004f.gdbindexes
111.03.16 14:33 B G:\WMP_DVD2\clipped_2100.gdb\a0000004f.gdbtable --> dnrftp.dnr.state.md.us /Public/Outgoing/CCWS/WMP/WMP_DVD2/clipped_2100.gdb a0000004f.gdbtable
111.03.16 14:33 B G:\WMP_DVD2\clipped_2100.gdb\a0000004f.gdbtablx --> dnrftp.dnr.state.md.us /Public/Outgoing/CCWS/WMP/WMP_DVD2/clipped_2100.gdb a0000004f.gdbtablx
111.03.16 14:33 B G:\WMP_DVD2\clipped_2100.gdb\a00000050.gdbindexes --> dnrftp.dnr.state.md.us /Public/Outgoing/CCWS/WMP/WMP_DVD2/clipped_2100.gdb a00000050.gdbindexes
111.03.16 14:33 B G:\WMP_DVD2\clipped_2100.gdb\a00000050.gdbtable --> dnrftp.dnr.state.md.us /Public/Outgoing/CCWS/WMP/WMP_DVD2/clipped_2100.gdb a00000050.gdbtable
111.03.16 14:33 B G:\WMP_DVD2\clipped_2100.gdb\a00000050.gdbtablx --> dnrftp.dnr.state.md.us /Public/Outgoing/CCWS/WMP/WMP_DVD2/clipped_2100.gdb a00000050.gdbtablx
111.03.16 14:33 B G:\WMP_DVD2\clipped_2100.gdb\a00000050.spx --> dnrftp.dnr.state.md.us /Public/Outgoing/CCWS/WMP/WMP_DVD2/clipped_2100.gdb a00000050.spx
111.03.16 14:33 B G:\WMP_DVD2\clipped_2100.gdb\a00000051.gdbindexes --> dnrftp.dnr.state.md.us /Public/Outgoing/CCWS/WMP/WMP_DVD2/clipped_2100.gdb a00000051.gdbindexes
111.03.16 14:33 B G:\WMP_DVD2\clipped_2100.gdb\a00000051.gdbtable --> dnrftp.dnr.state.md.us /Public/Outgoing/CCWS/WMP/WMP_DVD2/clipped_2100.gdb a00000051.gdbtable
111.03.16 14:33 B G:\WMP_DVD2\clipped_2100.gdb\a00000051.gdbtablx --> dnrftp.dnr.state.md.us /Public/Outgoing/CCWS/WMP/WMP_DVD2/clipped_2100.gdb a00000051.gdbtablx
111.03.16 14:33 B G:\WMP_DVD2\clipped_2100.gdb\a00000052.gdbindexes --> dnrftp.dnr.state.md.us /Public/Outgoing/CCWS/WMP/WMP_DVD2/clipped_2100.gdb a00000052.gdbindexes
111.03.16 14:33 B G:\WMP_DVD2\clipped_2100.gdb\a00000052.gdbtable --> dnrftp.dnr.state.md.us /Public/Outgoing/CCWS/WMP/WMP_DVD2/clipped_2100.gdb a00000052.gdbtable
111.03.16 14:33 B G:\WMP_DVD2\clipped_2100.gdb\a00000052.gdbtablx --> dnrftp.dnr.state.md.us /Public/Outgoing/CCWS/WMP/WMP_DVD2/clipped_2100.gdb a00000052.gdbtablx
111.03.16 14:33 B G:\WMP_DVD2\clipped_2100.gdb\a00000053.blk_key_index.atx --> dnrftp.dnr.state.md.us /Public/Outgoing/CCWS/WMP/WMP_DVD2/clipped_2100.gdb a00000053.blk_key_index.atx
111.03.16 14:33 B G:\WMP_DVD2\clipped_2100.gdb\a00000053.col_index.atx --> dnrftp.dnr.state.md.us /Public/Outgoing/CCWS/WMP/WMP_DVD2/clipped_2100.gdb a00000053.col_index.atx
111.03.16 14:33 B G:\WMP_DVD2\clipped_2100.gdb\a00000053.gdbindexes --> dnrftp.dnr.state.md.us /Public/Outgoing/CCWS/WMP/WMP_DVD2/clipped_2100.gdb a00000053.gdbindexes
111.03.16 14:33 B G:\WMP_DVD2\clipped_2100.gdb\a00000053.gdbtable --> dnrftp.dnr.state.md.us /Public/Outgoing/CCWS/WMP/WMP_DVD2/clipped_2100.gdb a00000053.gdbtable
111.03.16 14:33 B G:\WMP_DVD2\clipped_2100.gdb\a00000053.gdbtablx --> dnrftp.dnr.state.md.us /Public/Outgoing/CCWS/WMP/WMP_DVD2/clipped_2100.gdb a00000053.gdbtablx
111.03.16 14:33 B G:\WMP_DVD2\clipped_2100.gdb\a00000053.row_index.atx --> dnrftp.dnr.state.md.us /Public/Outgoing/CCWS/WMP/WMP_DVD2/clipped_2100.gdb a00000053.row_index.atx
111.03.16 14:33 B G:\WMP_DVD2\clipped_2100.gdb\a00000054.gdbindexes --> dnrftp.dnr.state.md.us /Public/Outgoing/CCWS/WMP/WMP_DVD2/clipped_2100.gdb a00000054.gdbindexes
111.03.16 14:33 B G:\WMP_DVD2\clipped_2100.gdb\a00000054.gdbtable --> dnrftp.dnr.state.md.us /Public/Outgoing/CCWS/WMP/WMP_DVD2/clipped_2100.gdb a00000054.gdbtable
111.03.16 14:33 B G:\WMP_DVD2\clipped_2100.gdb\a00000054.gdbtablx --> dnrftp.dnr.state.md.us /Public/Outgoing/CCWS/WMP/WMP_DVD2/clipped_2100.gdb a00000054.gdbtablx
111.03.16 14:33 B G:\WMP_DVD2\clipped_2100.gdb\a00000055.gdbindexes --> dnrftp.dnr.state.md.us /Public/Outgoing/CCWS/WMP/WMP_DVD2/clipped_2100.gdb a00000055.gdbindexes
111.03.16 14:33 B G:\WMP_DVD2\clipped_2100.gdb\a00000055.gdbtable --> dnrftp.dnr.state.md.us /Public/Outgoing/CCWS/WMP/WMP_DVD2/clipped_2100.gdb a00000055.gdbtable
111.03.16 14:33 B G:\WMP_DVD2\clipped_2100.gdb\a00000055.gdbtablx --> dnrftp.dnr.state.md.us /Public/Outgoing/CCWS/WMP/WMP_DVD2/clipped_2100.gdb a00000055.gdbtablx
111.03.16 14:33 B G:\WMP_DVD2\clipped_2100.gdb\a00000056.gdbindexes --> dnrftp.dnr.state.md.us /Public/Outgoing/CCWS/WMP/WMP_DVD2/clipped_2100.gdb a00000056.gdbindexes
111.03.16 14:33 B G:\WMP_DVD2\clipped_2100.gdb\a00000056.gdbtable --> dnrftp.dnr.state.md.us /Public/Outgoing/CCWS/WMP/WMP_DVD2/clipped_2100.gdb a00000056.gdbtable
111.03.16 14:33 B G:\WMP_DVD2\clipped_2100.gdb\a00000056.gdbtablx --> dnrftp.dnr.state.md.us /Public/Outgoing/CCWS/WMP/WMP_DVD2/clipped_2100.gdb a00000056.gdbtablx
111.03.16 14:33 B G:\WMP_DVD2\clipped_2100.gdb\a00000056.spx --> dnrftp.dnr.state.md.us /Public/Outgoing/CCWS/WMP/WMP_DVD2/clipped_2100.gdb a00000056.spx
111.03.16 14:33 B G:\WMP_DVD2\clipped_2100.gdb\a00000057.gdbindexes --> dnrftp.dnr.state.md.us /Public/Outgoing/CCWS/WMP/WMP_DVD2/clipped_2100.gdb a00000057.gdbindexes
111.03.16 14:33 B G:\WMP_DVD2\clipped_2100.gdb\a00000057.gdbtable --> dnrftp.dnr.state.md.us /Public/Outgoing/CCWS/WMP/WMP_DVD2/clipped_2100.gdb a00000057.gdbtable
111.03.16 14:33 B G:\WMP_DVD2\clipped_2100.gdb\a00000057.gdbtablx --> dnrftp.dnr.state.md.us /Public/Outgoing/CCWS/WMP/WMP_DVD2/clipped_2100.gdb a00000057.gdbtablx
111.03.16 14:33 B G:\WMP_DVD2\clipped_2100.gdb\a00000058.gdbindexes --> dnrftp.dnr.state.md.us /Public/Outgoing/CCWS/WMP/WMP_DVD2/clipped_2100.gdb a00000058.gdbindexes
111.03.16 14:33 B G:\WMP_DVD2\clipped_2100.gdb\a00000058.gdbtable --> dnrftp.dnr.state.md.us /Public/Outgoing/CCWS/WMP/WMP_DVD2/clipped_2100.gdb a00000058.gdbtable
111.03.16 14:33 B G:\WMP_DVD2\clipped_2100.gdb\a00000058.gdbtablx --> dnrftp.dnr.state.md.us /Public/Outgoing/CCWS/WMP/WMP_DVD2/clipped_2100.gdb a00000058.gdbtablx
111.03.16 14:33 B G:\WMP_DVD2\clipped_2100.gdb\a00000059.blk_key_index.atx --> dnrftp.dnr.state.md.us /Public/Outgoing/CCWS/WMP/WMP_DVD2/clipped_2100.gdb a00000059.blk_key_index.atx
111.03.16 14:33 B G:\WMP_DVD2\clipped_2100.gdb\a00000059.col_index.atx --> dnrftp.dnr.state.md.us /Public/Outgoing/CCWS/WMP/WMP_DVD2/clipped_2100.gdb a00000059.col_index.atx
111.03.16 14:33 B G:\WMP_DVD2\clipped_2100.gdb\a00000059.gdbindexes --> dnrftp.dnr.state.md.us /Public/Outgoing/CCWS/WMP/WMP_DVD2/clipped_2100.gdb a00000059.gdbindexes
111.03.16 14:33 B G:\WMP_DVD2\clipped_2100.gdb\a00000059.gdbtable --> dnrftp.dnr.state.md.us /Public/Outgoing/CCWS/WMP/WMP_DVD2/clipped_2100.gdb a00000059.gdbtable
111.03.16 14:33 B G:\WMP_DVD2\clipped_2100.gdb\a00000059.gdbtablx --> dnrftp.dnr.state.md.us /Public/Outgoing/CCWS/WMP/WMP_DVD2/clipped_2100.gdb a00000059.gdbtablx
111.03.16 14:33 B G:\WMP_DVD2\clipped_2100.gdb\a00000059.row_index.atx --> dnrftp.dnr.state.md.us /Public/Outgoing/CCWS/WMP/WMP_DVD2/clipped_2100.gdb a00000059.row_index.atx
111.03.16 14:33 B G:\WMP_DVD2\clipped_2100.gdb\a0000005a.gdbindexes --> dnrftp.dnr.state.md.us /Public/Outgoing/CCWS/WMP/WMP_DVD2/clipped_2100.gdb a0000005a.gdbindexes
111.03.16 14:33 B G:\WMP_DVD2\clipped_2100.gdb\a0000005a.gdbtable --> dnrftp.dnr.state.md.us /Public/Outgoing/CCWS/WMP/WMP_DVD2/clipped_2100.gdb a0000005a.gdbtable
111.03.16 14:33 B G:\WMP_DVD2\clipped_2100.gdb\a0000005a.gdbtablx --> dnrftp.dnr.state.md.us /Public/Outgoing/CCWS/WMP/WMP_DVD2/clipped_2100.gdb a0000005a.gdbtablx
111.03.16 14:33 B G:\WMP_DVD2\clipped_2100.gdb\a0000005b.gdbindexes --> dnrftp.dnr.state.md.us /Public/Outgoing/CCWS/WMP/WMP_DVD2/clipped_2100.gdb a0000005b.gdbindexes
111.03.16 14:33 B G:\WMP_DVD2\clipped_2100.gdb\a0000005b.gdbtable --> dnrftp.dnr.state.md.us /Public/Outgoing/CCWS/WMP/WMP_DVD2/clipped_2100.gdb a0000005b.gdbtable
111.03.16 14:33 B G:\WMP_DVD2\clipped_2100.gdb\a0000005b.gdbtablx --> dnrftp.dnr.state.md.us /Public/Outgoing/CCWS/WMP/WMP_DVD2/clipped_2100.gdb a0000005b.gdbtablx
111.03.16 14:33 B G:\WMP_DVD2\clipped_2100.gdb\a0000005c.gdbindexes --> dnrftp.dnr.state.md.us /Public/Outgoing/CCWS/WMP/WMP_DVD2/clipped_2100.gdb a0000005c.gdbindexes
111.03.16 14:33 B G:\WMP_DVD2\clipped_2100.gdb\a0000005c.gdbtable --> dnrftp.dnr.state.md.us /Public/Outgoing/CCWS/WMP/WMP_DVD2/clipped_2100.gdb a0000005c.gdbtable
111.03.16 14:33 B G:\WMP_DVD2\clipped_2100.gdb\a0000005c.gdbtablx --> dnrftp.dnr.state.md.us /Public/Outgoing/CCWS/WMP/WMP_DVD2/clipped_2100.gdb a0000005c.gdbtablx
111.03.16 14:33 B G:\WMP_DVD2\clipped_2100.gdb\a0000005c.spx --> dnrftp.dnr.state.md.us /Public/Outgoing/CCWS/WMP/WMP_DVD2/clipped_2100.gdb a0000005c.spx
111.03.16 14:33 B G:\WMP_DVD2\clipped_2100.gdb\a0000005d.gdbindexes --> dnrftp.dnr.state.md.us /Public/Outgoing/CCWS/WMP/WMP_DVD2/clipped_2100.gdb a0000005d.gdbindexes
111.03.16 14:33 B G:\WMP_DVD2\clipped_2100.gdb\a0000005d.gdbtable --> dnrftp.dnr.state.md.us /Public/Outgoing/CCWS/WMP/WMP_DVD2/clipped_2100.gdb a0000005d.gdbtable
111.03.16 14:33 B G:\WMP_DVD2\clipped_2100.gdb\a0000005d.gdbtablx --> dnrftp.dnr.state.md.us /Public/Outgoing/CCWS/WMP/WMP_DVD2/clipped_2100.gdb a0000005d.gdbtablx
111.03.16 14:33 B G:\WMP_DVD2\clipped_2100.gdb\a0000005e.gdbindexes --> dnrftp.dnr.state.md.us /Public/Outgoing/CCWS/WMP/WMP_DVD2/clipped_2100.gdb a0000005e.gdbindexes
111.03.16 14:33 B G:\WMP_DVD2\clipped_2100.gdb\a0000005e.gdbtable --> dnrftp.dnr.state.md.us /Public/Outgoing/CCWS/WMP/WMP_DVD2/clipped_2100.gdb a0000005e.gdbtable
111.03.16 14:33 B G:\WMP_DVD2\clipped_2100.gdb\a0000005e.gdbtablx --> dnrftp.dnr.state.md.us /Public/Outgoing/CCWS/WMP/WMP_DVD2/clipped_2100.gdb a0000005e.gdbtablx
111.03.16 14:33 B G:\WMP_DVD2\clipped_2100.gdb\a0000005f.blk_key_index.atx --> dnrftp.dnr.state.md.us /Public/Outgoing/CCWS/WMP/WMP_DVD2/clipped_2100.gdb a0000005f.blk_key_index.atx
111.03.16 14:33 B G:\WMP_DVD2\clipped_2100.gdb\a0000005f.col_index.atx --> dnrftp.dnr.state.md.us /Public/Outgoing/CCWS/WMP/WMP_DVD2/clipped_2100.gdb a0000005f.col_index.atx
111.03.16 14:33 B G:\WMP_DVD2\clipped_2100.gdb\a0000005f.gdbindexes --> dnrftp.dnr.state.md.us /Public/Outgoing/CCWS/WMP/WMP_DVD2/clipped_2100.gdb a0000005f.gdbindexes
111.03.16 14:33 B G:\WMP_DVD2\clipped_2100.gdb\a0000005f.gdbtable --> dnrftp.dnr.state.md.us /Public/Outgoing/CCWS/WMP/WMP_DVD2/clipped_2100.gdb a0000005f.gdbtable
111.03.16 14:33 B G:\WMP_DVD2\clipped_2100.gdb\a0000005f.gdbtablx --> dnrftp.dnr.state.md.us /Public/Outgoing/CCWS/WMP/WMP_DVD2/clipped_2100.gdb a0000005f.gdbtablx
111.03.16 14:33 B G:\WMP_DVD2\clipped_2100.gdb\a0000005f.row_index.atx --> dnrftp.dnr.state.md.us /Public/Outgoing/CCWS/WMP/WMP_DVD2/clipped_2100.gdb a0000005f.row_index.atx
111.03.16 14:33 B G:\WMP_DVD2\clipped_2100.gdb\a00000060.gdbindexes --> dnrftp.dnr.state.md.us /Public/Outgoing/CCWS/WMP/WMP_DVD2/clipped_2100.gdb a00000060.gdbindexes
111.03.16 14:33 B G:\WMP_DVD2\clipped_2100.gdb\a00000060.gdbtable --> dnrftp.dnr.state.md.us /Public/Outgoing/CCWS/WMP/WMP_DVD2/clipped_2100.gdb a00000060.gdbtable
111.03.16 14:33 B G:\WMP_DVD2\clipped_2100.gdb\a00000060.gdbtablx --> dnrftp.dnr.state.md.us /Public/Outgoing/CCWS/WMP/WMP_DVD2/clipped_2100.gdb a00000060.gdbtablx
111.03.16 14:33 B G:\WMP_DVD2\clipped_2100.gdb\a00000061.gdbindexes --> dnrftp.dnr.state.md.us /Public/Outgoing/CCWS/WMP/WMP_DVD2/clipped_2100.gdb a00000061.gdbindexes
111.03.16 14:33 B G:\WMP_DVD2\clipped_2100.gdb\a00000061.gdbtable --> dnrftp.dnr.state.md.us /Public/Outgoing/CCWS/WMP/WMP_DVD2/clipped_2100.gdb a00000061.gdbtable
111.03.16 14:33 B G:\WMP_DVD2\clipped_2100.gdb\a00000061.gdbtablx --> dnrftp.dnr.state.md.us /Public/Outgoing/CCWS/WMP/WMP_DVD2/clipped_2100.gdb a00000061.gdbtablx
111.03.16 14:33 B G:\WMP_DVD2\clipped_2100.gdb\a00000062.gdbindexes --> dnrftp.dnr.state.md.us /Public/Outgoing/CCWS/WMP/WMP_DVD2/clipped_2100.gdb a00000062.gdbindexes
111.03.16 14:33 B G:\WMP_DVD2\clipped_2100.gdb\a00000062.gdbtable --> dnrftp.dnr.state.md.us /Public/Outgoing/CCWS/WMP/WMP_DVD2/clipped_2100.gdb a00000062.gdbtable
111.03.16 14:33 B G:\WMP_DVD2\clipped_2100.gdb\a00000062.gdbtablx --> dnrftp.dnr.state.md.us /Public/Outgoing/CCWS/WMP/WMP_DVD2/clipped_2100.gdb a00000062.gdbtablx
111.03.16 14:33 B G:\WMP_DVD2\clipped_2100.gdb\a00000062.spx --> dnrftp.dnr.state.md.us /Public/Outgoing/CCWS/WMP/WMP_DVD2/clipped_2100.gdb a00000062.spx
111.03.16 14:33 B G:\WMP_DVD2\clipped_2100.gdb\a00000063.gdbindexes --> dnrftp.dnr.state.md.us /Public/Outgoing/CCWS/WMP/WMP_DVD2/clipped_2100.gdb a00000063.gdbindexes
111.03.16 14:33 B G:\WMP_DVD2\clipped_2100.gdb\a00000063.gdbtable --> dnrftp.dnr.state.md.us /Public/Outgoing/CCWS/WMP/WMP_DVD2/clipped_2100.gdb a00000063.gdbtable
111.03.16 14:33 B G:\WMP_DVD2\clipped_2100.gdb\a00000063.gdbtablx --> dnrftp.dnr.state.md.us /Public/Outgoing/CCWS/WMP/WMP_DVD2/clipped_2100.gdb a00000063.gdbtablx
111.03.16 14:33 B G:\WMP_DVD2\clipped_2100.gdb\a00000064.gdbindexes --> dnrftp.dnr.state.md.us /Public/Outgoing/CCWS/WMP/WMP_DVD2/clipped_2100.gdb a00000064.gdbindexes
111.03.16 14:33 B G:\WMP_DVD2\clipped_2100.gdb\a00000064.gdbtable --> dnrftp.dnr.state.md.us /Public/Outgoing/CCWS/WMP/WMP_DVD2/clipped_2100.gdb a00000064.gdbtable
111.03.16 14:33 B G:\WMP_DVD2\clipped_2100.gdb\a00000064.gdbtablx --> dnrftp.dnr.state.md.us /Public/Outgoing/CCWS/WMP/WMP_DVD2/clipped_2100.gdb a00000064.gdbtablx
111.03.16 14:33 B G:\WMP_DVD2\clipped_2100.gdb\a00000065.blk_key_index.atx --> dnrftp.dnr.state.md.us /Public/Outgoing/CCWS/WMP/WMP_DVD2/clipped_2100.gdb a00000065.blk_key_index.atx
111.03.16 14:33 B G:\WMP_DVD2\clipped_2100.gdb\a00000065.col_index.atx --> dnrftp.dnr.state.md.us /Public/Outgoing/CCWS/WMP/WMP_DVD2/clipped_2100.gdb a00000065.col_index.atx
111.03.16 14:33 B G:\WMP_DVD2\clipped_2100.gdb\a00000065.gdbindexes --> dnrftp.dnr.state.md.us /Public/Outgoing/CCWS/WMP/WMP_DVD2/clipped_2100.gdb a00000065.gdbindexes
111.03.16 14:33 B G:\WMP_DVD2\clipped_2100.gdb\a00000065.gdbtable --> dnrftp.dnr.state.md.us /Public/Outgoing/CCWS/WMP/WMP_DVD2/clipped_2100.gdb a00000065.gdbtable
111.03.16 14:33 B G:\WMP_DVD2\clipped_2100.gdb\a00000065.gdbtablx --> dnrftp.dnr.state.md.us /Public/Outgoing/CCWS/WMP/WMP_DVD2/clipped_2100.gdb a00000065.gdbtablx
111.03.16 14:33 B G:\WMP_DVD2\clipped_2100.gdb\a00000065.row_index.atx --> dnrftp.dnr.state.md.us /Public/Outgoing/CCWS/WMP/WMP_DVD2/clipped_2100.gdb a00000065.row_index.atx
111.03.16 14:33 B G:\WMP_DVD2\clipped_2100.gdb\a00000066.gdbindexes --> dnrftp.dnr.state.md.us /Public/Outgoing/CCWS/WMP/WMP_DVD2/clipped_2100.gdb a00000066.gdbindexes
111.03.16 14:33 B G:\WMP_DVD2\clipped_2100.gdb\a00000066.gdbtable --> dnrftp.dnr.state.md.us /Public/Outgoing/CCWS/WMP/WMP_DVD2/clipped_2100.gdb a00000066.gdbtable
111.03.16 14:33 B G:\WMP_DVD2\clipped_2100.gdb\a00000066.gdbtablx --> dnrftp.dnr.state.md.us /Public/Outgoing/CCWS/WMP/WMP_DVD2/clipped_2100.gdb a00000066.gdbtablx
111.03.16 14:33 B G:\WMP_DVD2\clipped_2100.gdb\a00000067.gdbindexes --> dnrftp.dnr.state.md.us /Public/Outgoing/CCWS/WMP/WMP_DVD2/clipped_2100.gdb a00000067.gdbindexes
111.03.16 14:33 B G:\WMP_DVD2\clipped_2100.gdb\a00000067.gdbtable --> dnrftp.dnr.state.md.us /Public/Outgoing/CCWS/WMP/WMP_DVD2/clipped_2100.gdb a00000067.gdbtable
111.03.16 14:33 B G:\WMP_DVD2\clipped_2100.gdb\a00000067.gdbtablx --> dnrftp.dnr.state.md.us /Public/Outgoing/CCWS/WMP/WMP_DVD2/clipped_2100.gdb a00000067.gdbtablx
111.03.16 14:33 B G:\WMP_DVD2\clipped_2100.gdb\a00000068.gdbindexes --> dnrftp.dnr.state.md.us /Public/Outgoing/CCWS/WMP/WMP_DVD2/clipped_2100.gdb a00000068.gdbindexes
111.03.16 14:33 B G:\WMP_DVD2\clipped_2100.gdb\a00000068.gdbtable --> dnrftp.dnr.state.md.us /Public/Outgoing/CCWS/WMP/WMP_DVD2/clipped_2100.gdb a00000068.gdbtable
111.03.16 14:33 B G:\WMP_DVD2\clipped_2100.gdb\a00000068.gdbtablx --> dnrftp.dnr.state.md.us /Public/Outgoing/CCWS/WMP/WMP_DVD2/clipped_2100.gdb a00000068.gdbtablx
111.03.16 14:33 B G:\WMP_DVD2\clipped_2100.gdb\a00000068.spx --> dnrftp.dnr.state.md.us /Public/Outgoing/CCWS/WMP/WMP_DVD2/clipped_2100.gdb a00000068.spx
111.03.16 14:33 B G:\WMP_DVD2\clipped_2100.gdb\a00000069.gdbindexes --> dnrftp.dnr.state.md.us /Public/Outgoing/CCWS/WMP/WMP_DVD2/clipped_2100.gdb a00000069.gdbindexes
111.03.16 14:33 B G:\WMP_DVD2\clipped_2100.gdb\a00000069.gdbtable --> dnrftp.dnr.state.md.us /Public/Outgoing/CCWS/WMP/WMP_DVD2/clipped_2100.gdb a00000069.gdbtable
111.03.16 14:33 B G:\WMP_DVD2\clipped_2100.gdb\a00000069.gdbtablx --> dnrftp.dnr.state.md.us /Public/Outgoing/CCWS/WMP/WMP_DVD2/clipped_2100.gdb a00000069.gdbtablx
111.03.16 14:33 B G:\WMP_DVD2\clipped_2100.gdb\a0000006a.gdbindexes --> dnrftp.dnr.state.md.us /Public/Outgoing/CCWS/WMP/WMP_DVD2/clipped_2100.gdb a0000006a.gdbindexes
111.03.16 14:33 B G:\WMP_DVD2\clipped_2100.gdb\a0000006a.gdbtable --> dnrftp.dnr.state.md.us /Public/Outgoing/CCWS/WMP/WMP_DVD2/clipped_2100.gdb a0000006a.gdbtable
111.03.16 14:33 B G:\WMP_DVD2\clipped_2100.gdb\a0000006a.gdbtablx --> dnrftp.dnr.state.md.us /Public/Outgoing/CCWS/WMP/WMP_DVD2/clipped_2100.gdb a0000006a.gdbtablx
111.03.16 14:33 B G:\WMP_DVD2\clipped_2100.gdb\a0000006b.blk_key_index.atx --> dnrftp.dnr.state.md.us /Public/Outgoing/CCWS/WMP/WMP_DVD2/clipped_2100.gdb a0000006b.blk_key_index.atx
111.03.16 14:33 B G:\WMP_DVD2\clipped_2100.gdb\a0000006b.col_index.atx --> dnrftp.dnr.state.md.us /Public/Outgoing/CCWS/WMP/WMP_DVD2/clipped_2100.gdb a0000006b.col_index.atx
111.03.16 14:33 B G:\WMP_DVD2\clipped_2100.gdb\a0000006b.gdbindexes --> dnrftp.dnr.state.md.us /Public/Outgoing/CCWS/WMP/WMP_DVD2/clipped_2100.gdb a0000006b.gdbindexes
111.03.16 14:33 B G:\WMP_DVD2\clipped_2100.gdb\a0000006b.gdbtable --> dnrftp.dnr.state.md.us /Public/Outgoing/CCWS/WMP/WMP_DVD2/clipped_2100.gdb a0000006b.gdbtable
111.03.16 14:33 B G:\WMP_DVD2\clipped_2100.gdb\a0000006b.gdbtablx --> dnrftp.dnr.state.md.us /Public/Outgoing/CCWS/WMP/WMP_DVD2/clipped_2100.gdb a0000006b.gdbtablx
111.03.16 14:33 B G:\WMP_DVD2\clipped_2100.gdb\a0000006b.row_index.atx --> dnrftp.dnr.state.md.us /Public/Outgoing/CCWS/WMP/WMP_DVD2/clipped_2100.gdb a0000006b.row_index.atx
111.03.16 14:33 B G:\WMP_DVD2\clipped_2100.gdb\a0000006c.gdbindexes --> dnrftp.dnr.state.md.us /Public/Outgoing/CCWS/WMP/WMP_DVD2/clipped_2100.gdb a0000006c.gdbindexes
111.03.16 14:33 B G:\WMP_DVD2\clipped_2100.gdb\a0000006c.gdbtable --> dnrftp.dnr.state.md.us /Public/Outgoing/CCWS/WMP/WMP_DVD2/clipped_2100.gdb a0000006c.gdbtable
111.03.16 14:33 B G:\WMP_DVD2\clipped_2100.gdb\a0000006c.gdbtablx --> dnrftp.dnr.state.md.us /Public/Outgoing/CCWS/WMP/WMP_DVD2/clipped_2100.gdb a0000006c.gdbtablx
111.03.16 14:33 B G:\WMP_DVD2\clipped_2100.gdb\a0000006d.gdbindexes --> dnrftp.dnr.state.md.us /Public/Outgoing/CCWS/WMP/WMP_DVD2/clipped_2100.gdb a0000006d.gdbindexes
111.03.16 14:33 B G:\WMP_DVD2\clipped_2100.gdb\a0000006d.gdbtable --> dnrftp.dnr.state.md.us /Public/Outgoing/CCWS/WMP/WMP_DVD2/clipped_2100.gdb a0000006d.gdbtable
111.03.16 14:33 B G:\WMP_DVD2\clipped_2100.gdb\a0000006d.gdbtablx --> dnrftp.dnr.state.md.us /Public/Outgoing/CCWS/WMP/WMP_DVD2/clipped_2100.gdb a0000006d.gdbtablx
111.03.16 14:33 B G:\WMP_DVD2\clipped_2100.gdb\a0000006e.gdbindexes --> dnrftp.dnr.state.md.us /Public/Outgoing/CCWS/WMP/WMP_DVD2/clipped_2100.gdb a0000006e.gdbindexes
111.03.16 14:33 B G:\WMP_DVD2\clipped_2100.gdb\a0000006e.gdbtable --> dnrftp.dnr.state.md.us /Public/Outgoing/CCWS/WMP/WMP_DVD2/clipped_2100.gdb a0000006e.gdbtable
111.03.16 14:33 B G:\WMP_DVD2\clipped_2100.gdb\a0000006e.gdbtablx --> dnrftp.dnr.state.md.us /Public/Outgoing/CCWS/WMP/WMP_DVD2/clipped_2100.gdb a0000006e.gdbtablx
111.03.16 14:33 B G:\WMP_DVD2\clipped_2100.gdb\a0000006e.spx --> dnrftp.dnr.state.md.us /Public/Outgoing/CCWS/WMP/WMP_DVD2/clipped_2100.gdb a0000006e.spx
111.03.16 14:33 B G:\WMP_DVD2\clipped_2100.gdb\a0000006f.gdbindexes --> dnrftp.dnr.state.md.us /Public/Outgoing/CCWS/WMP/WMP_DVD2/clipped_2100.gdb a0000006f.gdbindexes
111.03.16 14:33 B G:\WMP_DVD2\clipped_2100.gdb\a0000006f.gdbtable --> dnrftp.dnr.state.md.us /Public/Outgoing/CCWS/WMP/WMP_DVD2/clipped_2100.gdb a0000006f.gdbtable
111.03.16 14:33 B G:\WMP_DVD2\clipped_2100.gdb\a0000006f.gdbtablx --> dnrftp.dnr.state.md.us /Public/Outgoing/CCWS/WMP/WMP_DVD2/clipped_2100.gdb a0000006f.gdbtablx
111.03.16 14:33 B G:\WMP_DVD2\clipped_2100.gdb\a00000070.gdbindexes --> dnrftp.dnr.state.md.us /Public/Outgoing/CCWS/WMP/WMP_DVD2/clipped_2100.gdb a00000070.gdbindexes
111.03.16 14:33 B G:\WMP_DVD2\clipped_2100.gdb\a00000070.gdbtable --> dnrftp.dnr.state.md.us /Public/Outgoing/CCWS/WMP/WMP_DVD2/clipped_2100.gdb a00000070.gdbtable
111.03.16 14:33 B G:\WMP_DVD2\clipped_2100.gdb\a00000070.gdbtablx --> dnrftp.dnr.state.md.us /Public/Outgoing/CCWS/WMP/WMP_DVD2/clipped_2100.gdb a00000070.gdbtablx
111.03.16 14:33 B G:\WMP_DVD2\clipped_2100.gdb\a00000071.blk_key_index.atx --> dnrftp.dnr.state.md.us /Public/Outgoing/CCWS/WMP/WMP_DVD2/clipped_2100.gdb a00000071.blk_key_index.atx
111.03.16 14:33 B G:\WMP_DVD2\clipped_2100.gdb\a00000071.col_index.atx --> dnrftp.dnr.state.md.us /Public/Outgoing/CCWS/WMP/WMP_DVD2/clipped_2100.gdb a00000071.col_index.atx
111.03.16 14:33 B G:\WMP_DVD2\clipped_2100.gdb\a00000071.gdbindexes --> dnrftp.dnr.state.md.us /Public/Outgoing/CCWS/WMP/WMP_DVD2/clipped_2100.gdb a00000071.gdbindexes
111.03.16 14:33 B G:\WMP_DVD2\clipped_2100.gdb\a00000071.gdbtable --> dnrftp.dnr.state.md.us /Public/Outgoing/CCWS/WMP/WMP_DVD2/clipped_2100.gdb a00000071.gdbtable
111.03.16 14:33 B G:\WMP_DVD2\clipped_2100.gdb\a00000071.gdbtablx --> dnrftp.dnr.state.md.us /Public/Outgoing/CCWS/WMP/WMP_DVD2/clipped_2100.gdb a00000071.gdbtablx
111.03.16 14:33 B G:\WMP_DVD2\clipped_2100.gdb\a00000071.row_index.atx --> dnrftp.dnr.state.md.us /Public/Outgoing/CCWS/WMP/WMP_DVD2/clipped_2100.gdb a00000071.row_index.atx
111.03.16 14:33 B G:\WMP_DVD2\clipped_2100.gdb\a00000072.gdbindexes --> dnrftp.dnr.state.md.us /Public/Outgoing/CCWS/WMP/WMP_DVD2/clipped_2100.gdb a00000072.gdbindexes
111.03.16 14:33 B G:\WMP_DVD2\clipped_2100.gdb\a00000072.gdbtable --> dnrftp.dnr.state.md.us /Public/Outgoing/CCWS/WMP/WMP_DVD2/clipped_2100.gdb a00000072.gdbtable
111.03.16 14:33 B G:\WMP_DVD2\clipped_2100.gdb\a00000072.gdbtablx --> dnrftp.dnr.state.md.us /Public/Outgoing/CCWS/WMP/WMP_DVD2/clipped_2100.gdb a00000072.gdbtablx
111.03.16 14:33 B G:\WMP_DVD2\clipped_2100.gdb\a00000073.gdbindexes --> dnrftp.dnr.state.md.us /Public/Outgoing/CCWS/WMP/WMP_DVD2/clipped_2100.gdb a00000073.gdbindexes
111.03.16 14:33 B G:\WMP_DVD2\clipped_2100.gdb\a00000073.gdbtable --> dnrftp.dnr.state.md.us /Public/Outgoing/CCWS/WMP/WMP_DVD2/clipped_2100.gdb a00000073.gdbtable
111.03.16 14:33 B G:\WMP_DVD2\clipped_2100.gdb\a00000073.gdbtablx --> dnrftp.dnr.state.md.us /Public/Outgoing/CCWS/WMP/WMP_DVD2/clipped_2100.gdb a00000073.gdbtablx
111.03.16 14:33 B G:\WMP_DVD2\clipped_2100.gdb\a00000074.gdbindexes --> dnrftp.dnr.state.md.us /Public/Outgoing/CCWS/WMP/WMP_DVD2/clipped_2100.gdb a00000074.gdbindexes
111.03.16 14:33 B G:\WMP_DVD2\clipped_2100.gdb\a00000074.gdbtable --> dnrftp.dnr.state.md.us /Public/Outgoing/CCWS/WMP/WMP_DVD2/clipped_2100.gdb a00000074.gdbtable
111.03.16 14:33 B G:\WMP_DVD2\clipped_2100.gdb\a00000074.gdbtablx --> dnrftp.dnr.state.md.us /Public/Outgoing/CCWS/WMP/WMP_DVD2/clipped_2100.gdb a00000074.gdbtablx
111.03.16 14:33 B G:\WMP_DVD2\clipped_2100.gdb\a00000074.spx --> dnrftp.dnr.state.md.us /Public/Outgoing/CCWS/WMP/WMP_DVD2/clipped_2100.gdb a00000074.spx
111.03.16 14:33 B G:\WMP_DVD2\clipped_2100.gdb\a00000075.gdbindexes --> dnrftp.dnr.state.md.us /Public/Outgoing/CCWS/WMP/WMP_DVD2/clipped_2100.gdb a00000075.gdbindexes
111.03.16 14:33 B G:\WMP_DVD2\clipped_2100.gdb\a00000075.gdbtable --> dnrftp.dnr.state.md.us /Public/Outgoing/CCWS/WMP/WMP_DVD2/clipped_2100.gdb a00000075.gdbtable
111.03.16 14:33 B G:\WMP_DVD2\clipped_2100.gdb\a00000075.gdbtablx --> dnrftp.dnr.state.md.us /Public/Outgoing/CCWS/WMP/WMP_DVD2/clipped_2100.gdb a00000075.gdbtablx
111.03.16 14:33 B G:\WMP_DVD2\clipped_2100.gdb\a00000076.gdbindexes --> dnrftp.dnr.state.md.us /Public/Outgoing/CCWS/WMP/WMP_DVD2/clipped_2100.gdb a00000076.gdbindexes
111.03.16 14:33 B G:\WMP_DVD2\clipped_2100.gdb\a00000076.gdbtable --> dnrftp.dnr.state.md.us /Public/Outgoing/CCWS/WMP/WMP_DVD2/clipped_2100.gdb a00000076.gdbtable
111.03.16 14:33 B G:\WMP_DVD2\clipped_2100.gdb\a00000076.gdbtablx --> dnrftp.dnr.state.md.us /Public/Outgoing/CCWS/WMP/WMP_DVD2/clipped_2100.gdb a00000076.gdbtablx
111.03.16 14:33 B G:\WMP_DVD2\clipped_2100.gdb\a00000077.blk_key_index.atx --> dnrftp.dnr.state.md.us /Public/Outgoing/CCWS/WMP/WMP_DVD2/clipped_2100.gdb a00000077.blk_key_index.atx
111.03.16 14:33 B G:\WMP_DVD2\clipped_2100.gdb\a00000077.col_index.atx --> dnrftp.dnr.state.md.us /Public/Outgoing/CCWS/WMP/WMP_DVD2/clipped_2100.gdb a00000077.col_index.atx
111.03.16 14:33 B G:\WMP_DVD2\clipped_2100.gdb\a00000077.gdbindexes --> dnrftp.dnr.state.md.us /Public/Outgoing/CCWS/WMP/WMP_DVD2/clipped_2100.gdb a00000077.gdbindexes
111.03.16 14:33 B G:\WMP_DVD2\clipped_2100.gdb\a00000077.gdbtable --> dnrftp.dnr.state.md.us /Public/Outgoing/CCWS/WMP/WMP_DVD2/clipped_2100.gdb a00000077.gdbtable
111.03.16 14:33 B G:\WMP_DVD2\clipped_2100.gdb\a00000077.gdbtablx --> dnrftp.dnr.state.md.us /Public/Outgoing/CCWS/WMP/WMP_DVD2/clipped_2100.gdb a00000077.gdbtablx
111.03.16 14:33 B G:\WMP_DVD2\clipped_2100.gdb\a00000077.row_index.atx --> dnrftp.dnr.state.md.us /Public/Outgoing/CCWS/WMP/WMP_DVD2/clipped_2100.gdb a00000077.row_index.atx
111.03.16 14:33 B G:\WMP_DVD2\clipped_2100.gdb\a00000078.gdbindexes --> dnrftp.dnr.state.md.us /Public/Outgoing/CCWS/WMP/WMP_DVD2/clipped_2100.gdb a00000078.gdbindexes
111.03.16 14:33 B G:\WMP_DVD2\clipped_2100.gdb\a00000078.gdbtable --> dnrftp.dnr.state.md.us /Public/Outgoing/CCWS/WMP/WMP_DVD2/clipped_2100.gdb a00000078.gdbtable
111.03.16 14:33 B G:\WMP_DVD2\clipped_2100.gdb\a00000078.gdbtablx --> dnrftp.dnr.state.md.us /Public/Outgoing/CCWS/WMP/WMP_DVD2/clipped_2100.gdb a00000078.gdbtablx
111.03.16 14:33 B G:\WMP_DVD2\clipped_2100.gdb\a00000079.gdbindexes --> dnrftp.dnr.state.md.us /Public/Outgoing/CCWS/WMP/WMP_DVD2/clipped_2100.gdb a00000079.gdbindexes
111.03.16 14:33 B G:\WMP_DVD2\clipped_2100.gdb\a00000079.gdbtable --> dnrftp.dnr.state.md.us /Public/Outgoing/CCWS/WMP/WMP_DVD2/clipped_2100.gdb a00000079.gdbtable
111.03.16 14:33 B G:\WMP_DVD2\clipped_2100.gdb\a00000079.gdbtablx --> dnrftp.dnr.state.md.us /Public/Outgoing/CCWS/WMP/WMP_DVD2/clipped_2100.gdb a00000079.gdbtablx
111.03.16 14:33 B G:\WMP_DVD2\clipped_2100.gdb\a0000007a.gdbindexes --> dnrftp.dnr.state.md.us /Public/Outgoing/CCWS/WMP/WMP_DVD2/clipped_2100.gdb a0000007a.gdbindexes
111.03.16 14:33 B G:\WMP_DVD2\clipped_2100.gdb\a0000007a.gdbtable --> dnrftp.dnr.state.md.us /Public/Outgoing/CCWS/WMP/WMP_DVD2/clipped_2100.gdb a0000007a.gdbtable
111.03.16 14:33 B G:\WMP_DVD2\clipped_2100.gdb\a0000007a.gdbtablx --> dnrftp.dnr.state.md.us /Public/Outgoing/CCWS/WMP/WMP_DVD2/clipped_2100.gdb a0000007a.gdbtablx
111.03.16 14:33 B G:\WMP_DVD2\clipped_2100.gdb\a0000007a.spx --> dnrftp.dnr.state.md.us /Public/Outgoing/CCWS/WMP/WMP_DVD2/clipped_2100.gdb a0000007a.spx
111.03.16 14:33 B G:\WMP_DVD2\clipped_2100.gdb\a0000007b.gdbindexes --> dnrftp.dnr.state.md.us /Public/Outgoing/CCWS/WMP/WMP_DVD2/clipped_2100.gdb a0000007b.gdbindexes
111.03.16 14:33 B G:\WMP_DVD2\clipped_2100.gdb\a0000007b.gdbtable --> dnrftp.dnr.state.md.us /Public/Outgoing/CCWS/WMP/WMP_DVD2/clipped_2100.gdb a0000007b.gdbtable
111.03.16 14:33 B G:\WMP_DVD2\clipped_2100.gdb\a0000007b.gdbtablx --> dnrftp.dnr.state.md.us /Public/Outgoing/CCWS/WMP/WMP_DVD2/clipped_2100.gdb a0000007b.gdbtablx
111.03.16 14:33 B G:\WMP_DVD2\clipped_2100.gdb\a0000007c.gdbindexes --> dnrftp.dnr.state.md.us /Public/Outgoing/CCWS/WMP/WMP_DVD2/clipped_2100.gdb a0000007c.gdbindexes
111.03.16 14:33 B G:\WMP_DVD2\clipped_2100.gdb\a0000007c.gdbtable --> dnrftp.dnr.state.md.us /Public/Outgoing/CCWS/WMP/WMP_DVD2/clipped_2100.gdb a0000007c.gdbtable
111.03.16 14:33 B G:\WMP_DVD2\clipped_2100.gdb\a0000007c.gdbtablx --> dnrftp.dnr.state.md.us /Public/Outgoing/CCWS/WMP/WMP_DVD2/clipped_2100.gdb a0000007c.gdbtablx
111.03.16 14:33 B G:\WMP_DVD2\clipped_2100.gdb\a0000007d.blk_key_index.atx --> dnrftp.dnr.state.md.us /Public/Outgoing/CCWS/WMP/WMP_DVD2/clipped_2100.gdb a0000007d.blk_key_index.atx
111.03.16 14:33 B G:\WMP_DVD2\clipped_2100.gdb\a0000007d.col_index.atx --> dnrftp.dnr.state.md.us /Public/Outgoing/CCWS/WMP/WMP_DVD2/clipped_2100.gdb a0000007d.col_index.atx
111.03.16 14:33 B G:\WMP_DVD2\clipped_2100.gdb\a0000007d.gdbindexes --> dnrftp.dnr.state.md.us /Public/Outgoing/CCWS/WMP/WMP_DVD2/clipped_2100.gdb a0000007d.gdbindexes
111.03.16 14:33 B G:\WMP_DVD2\clipped_2100.gdb\a0000007d.gdbtable --> dnrftp.dnr.state.md.us /Public/Outgoing/CCWS/WMP/WMP_DVD2/clipped_2100.gdb a0000007d.gdbtable
111.03.16 14:33 B G:\WMP_DVD2\clipped_2100.gdb\a0000007d.gdbtablx --> dnrftp.dnr.state.md.us /Public/Outgoing/CCWS/WMP/WMP_DVD2/clipped_2100.gdb a0000007d.gdbtablx
111.03.16 14:33 B G:\WMP_DVD2\clipped_2100.gdb\a0000007d.row_index.atx --> dnrftp.dnr.state.md.us /Public/Outgoing/CCWS/WMP/WMP_DVD2/clipped_2100.gdb a0000007d.row_index.atx
111.03.16 14:33 B G:\WMP_DVD2\clipped_2100.gdb\a0000007e.gdbindexes --> dnrftp.dnr.state.md.us /Public/Outgoing/CCWS/WMP/WMP_DVD2/clipped_2100.gdb a0000007e.gdbindexes
111.03.16 14:33 B G:\WMP_DVD2\clipped_2100.gdb\a0000007e.gdbtable --> dnrftp.dnr.state.md.us /Public/Outgoing/CCWS/WMP/WMP_DVD2/clipped_2100.gdb a0000007e.gdbtable
111.03.16 14:33 B G:\WMP_DVD2\clipped_2100.gdb\a0000007e.gdbtablx --> dnrftp.dnr.state.md.us /Public/Outgoing/CCWS/WMP/WMP_DVD2/clipped_2100.gdb a0000007e.gdbtablx
111.03.16 14:33 B G:\WMP_DVD2\clipped_2100.gdb\a0000007f.gdbindexes --> dnrftp.dnr.state.md.us /Public/Outgoing/CCWS/WMP/WMP_DVD2/clipped_2100.gdb a0000007f.gdbindexes
111.03.16 14:33 B G:\WMP_DVD2\clipped_2100.gdb\a0000007f.gdbtable --> dnrftp.dnr.state.md.us /Public/Outgoing/CCWS/WMP/WMP_DVD2/clipped_2100.gdb a0000007f.gdbtable
111.03.16 14:33 B G:\WMP_DVD2\clipped_2100.gdb\a0000007f.gdbtablx --> dnrftp.dnr.state.md.us /Public/Outgoing/CCWS/WMP/WMP_DVD2/clipped_2100.gdb a0000007f.gdbtablx
111.03.16 14:33 B G:\WMP_DVD2\clipped_2100.gdb\a00000080.gdbindexes --> dnrftp.dnr.state.md.us /Public/Outgoing/CCWS/WMP/WMP_DVD2/clipped_2100.gdb a00000080.gdbindexes
111.03.16 14:33 B G:\WMP_DVD2\clipped_2100.gdb\a00000080.gdbtable --> dnrftp.dnr.state.md.us /Public/Outgoing/CCWS/WMP/WMP_DVD2/clipped_2100.gdb a00000080.gdbtable
111.03.16 14:33 B G:\WMP_DVD2\clipped_2100.gdb\a00000080.gdbtablx --> dnrftp.dnr.state.md.us /Public/Outgoing/CCWS/WMP/WMP_DVD2/clipped_2100.gdb a00000080.gdbtablx
111.03.16 14:33 B G:\WMP_DVD2\clipped_2100.gdb\a00000080.spx --> dnrftp.dnr.state.md.us /Public/Outgoing/CCWS/WMP/WMP_DVD2/clipped_2100.gdb a00000080.spx
111.03.16 14:33 B G:\WMP_DVD2\clipped_2100.gdb\a00000081.gdbindexes --> dnrftp.dnr.state.md.us /Public/Outgoing/CCWS/WMP/WMP_DVD2/clipped_2100.gdb a00000081.gdbindexes
111.03.16 14:33 B G:\WMP_DVD2\clipped_2100.gdb\a00000081.gdbtable --> dnrftp.dnr.state.md.us /Public/Outgoing/CCWS/WMP/WMP_DVD2/clipped_2100.gdb a00000081.gdbtable
111.03.16 14:33 B G:\WMP_DVD2\clipped_2100.gdb\a00000081.gdbtablx --> dnrftp.dnr.state.md.us /Public/Outgoing/CCWS/WMP/WMP_DVD2/clipped_2100.gdb a00000081.gdbtablx
111.03.16 14:33 B G:\WMP_DVD2\clipped_2100.gdb\a00000082.gdbindexes --> dnrftp.dnr.state.md.us /Public/Outgoing/CCWS/WMP/WMP_DVD2/clipped_2100.gdb a00000082.gdbindexes
111.03.16 14:33 B G:\WMP_DVD2\clipped_2100.gdb\a00000082.gdbtable --> dnrftp.dnr.state.md.us /Public/Outgoing/CCWS/WMP/WMP_DVD2/clipped_2100.gdb a00000082.gdbtable
111.03.16 14:33 B G:\WMP_DVD2\clipped_2100.gdb\a00000082.gdbtablx --> dnrftp.dnr.state.md.us /Public/Outgoing/CCWS/WMP/WMP_DVD2/clipped_2100.gdb a00000082.gdbtablx
111.03.16 14:33 B G:\WMP_DVD2\clipped_2100.gdb\a00000083.blk_key_index.atx --> dnrftp.dnr.state.md.us /Public/Outgoing/CCWS/WMP/WMP_DVD2/clipped_2100.gdb a00000083.blk_key_index.atx
111.03.16 14:33 B G:\WMP_DVD2\clipped_2100.gdb\a00000083.col_index.atx --> dnrftp.dnr.state.md.us /Public/Outgoing/CCWS/WMP/WMP_DVD2/clipped_2100.gdb a00000083.col_index.atx
111.03.16 14:33 B G:\WMP_DVD2\clipped_2100.gdb\a00000083.gdbindexes --> dnrftp.dnr.state.md.us /Public/Outgoing/CCWS/WMP/WMP_DVD2/clipped_2100.gdb a00000083.gdbindexes
111.03.16 14:33 B G:\WMP_DVD2\clipped_2100.gdb\a00000083.gdbtable --> dnrftp.dnr.state.md.us /Public/Outgoing/CCWS/WMP/WMP_DVD2/clipped_2100.gdb a00000083.gdbtable
111.03.16 14:33 B G:\WMP_DVD2\clipped_2100.gdb\a00000083.gdbtablx --> dnrftp.dnr.state.md.us /Public/Outgoing/CCWS/WMP/WMP_DVD2/clipped_2100.gdb a00000083.gdbtablx
111.03.16 14:33 B G:\WMP_DVD2\clipped_2100.gdb\a00000083.row_index.atx --> dnrftp.dnr.state.md.us /Public/Outgoing/CCWS/WMP/WMP_DVD2/clipped_2100.gdb a00000083.row_index.atx
111.03.16 14:33 B G:\WMP_DVD2\clipped_2100.gdb\a00000084.gdbindexes --> dnrftp.dnr.state.md.us /Public/Outgoing/CCWS/WMP/WMP_DVD2/clipped_2100.gdb a00000084.gdbindexes
111.03.16 14:33 B G:\WMP_DVD2\clipped_2100.gdb\a00000084.gdbtable --> dnrftp.dnr.state.md.us /Public/Outgoing/CCWS/WMP/WMP_DVD2/clipped_2100.gdb a00000084.gdbtable
111.03.16 14:33 B G:\WMP_DVD2\clipped_2100.gdb\a00000084.gdbtablx --> dnrftp.dnr.state.md.us /Public/Outgoing/CCWS/WMP/WMP_DVD2/clipped_2100.gdb a00000084.gdbtablx
111.03.16 14:33 B G:\WMP_DVD2\clipped_2100.gdb\a00000085.gdbindexes --> dnrftp.dnr.state.md.us /Public/Outgoing/CCWS/WMP/WMP_DVD2/clipped_2100.gdb a00000085.gdbindexes
111.03.16 14:33 B G:\WMP_DVD2\clipped_2100.gdb\a00000085.gdbtable --> dnrftp.dnr.state.md.us /Public/Outgoing/CCWS/WMP/WMP_DVD2/clipped_2100.gdb a00000085.gdbtable
111.03.16 14:33 B G:\WMP_DVD2\clipped_2100.gdb\a00000085.gdbtablx --> dnrftp.dnr.state.md.us /Public/Outgoing/CCWS/WMP/WMP_DVD2/clipped_2100.gdb a00000085.gdbtablx
111.03.16 14:33 B G:\WMP_DVD2\clipped_2100.gdb\a00000086.gdbindexes --> dnrftp.dnr.state.md.us /Public/Outgoing/CCWS/WMP/WMP_DVD2/clipped_2100.gdb a00000086.gdbindexes
111.03.16 14:33 B G:\WMP_DVD2\clipped_2100.gdb\a00000086.gdbtable --> dnrftp.dnr.state.md.us /Public/Outgoing/CCWS/WMP/WMP_DVD2/clipped_2100.gdb a00000086.gdbtable
111.03.16 14:33 B G:\WMP_DVD2\clipped_2100.gdb\a00000086.gdbtablx --> dnrftp.dnr.state.md.us /Public/Outgoing/CCWS/WMP/WMP_DVD2/clipped_2100.gdb a00000086.gdbtablx
111.03.16 14:33 B G:\WMP_DVD2\clipped_2100.gdb\a00000086.spx --> dnrftp.dnr.state.md.us /Public/Outgoing/CCWS/WMP/WMP_DVD2/clipped_2100.gdb a00000086.spx
111.03.16 14:33 B G:\WMP_DVD2\clipped_2100.gdb\a00000087.gdbindexes --> dnrftp.dnr.state.md.us /Public/Outgoing/CCWS/WMP/WMP_DVD2/clipped_2100.gdb a00000087.gdbindexes
111.03.16 14:33 B G:\WMP_DVD2\clipped_2100.gdb\a00000087.gdbtable --> dnrftp.dnr.state.md.us /Public/Outgoing/CCWS/WMP/WMP_DVD2/clipped_2100.gdb a00000087.gdbtable
111.03.16 14:33 B G:\WMP_DVD2\clipped_2100.gdb\a00000087.gdbtablx --> dnrftp.dnr.state.md.us /Public/Outgoing/CCWS/WMP/WMP_DVD2/clipped_2100.gdb a00000087.gdbtablx
111.03.16 14:33 B G:\WMP_DVD2\clipped_2100.gdb\a00000088.gdbindexes --> dnrftp.dnr.state.md.us /Public/Outgoing/CCWS/WMP/WMP_DVD2/clipped_2100.gdb a00000088.gdbindexes
111.03.16 14:33 B G:\WMP_DVD2\clipped_2100.gdb\a00000088.gdbtable --> dnrftp.dnr.state.md.us /Public/Outgoing/CCWS/WMP/WMP_DVD2/clipped_2100.gdb a00000088.gdbtable
111.03.16 14:33 B G:\WMP_DVD2\clipped_2100.gdb\a00000088.gdbtablx --> dnrftp.dnr.state.md.us /Public/Outgoing/CCWS/WMP/WMP_DVD2/clipped_2100.gdb a00000088.gdbtablx
111.03.16 14:33 B G:\WMP_DVD2\clipped_2100.gdb\a00000089.blk_key_index.atx --> dnrftp.dnr.state.md.us /Public/Outgoing/CCWS/WMP/WMP_DVD2/clipped_2100.gdb a00000089.blk_key_index.atx
111.03.16 14:33 B G:\WMP_DVD2\clipped_2100.gdb\a00000089.col_index.atx --> dnrftp.dnr.state.md.us /Public/Outgoing/CCWS/WMP/WMP_DVD2/clipped_2100.gdb a00000089.col_index.atx
111.03.16 14:33 B G:\WMP_DVD2\clipped_2100.gdb\a00000089.gdbindexes --> dnrftp.dnr.state.md.us /Public/Outgoing/CCWS/WMP/WMP_DVD2/clipped_2100.gdb a00000089.gdbindexes
111.03.16 14:33 B G:\WMP_DVD2\clipped_2100.gdb\a00000089.gdbtable --> dnrftp.dnr.state.md.us /Public/Outgoing/CCWS/WMP/WMP_DVD2/clipped_2100.gdb a00000089.gdbtable
111.03.16 14:33 B G:\WMP_DVD2\clipped_2100.gdb\a00000089.gdbtablx --> dnrftp.dnr.state.md.us /Public/Outgoing/CCWS/WMP/WMP_DVD2/clipped_2100.gdb a00000089.gdbtablx
111.03.16 14:33 B G:\WMP_DVD2\clipped_2100.gdb\a00000089.row_index.atx --> dnrftp.dnr.state.md.us /Public/Outgoing/CCWS/WMP/WMP_DVD2/clipped_2100.gdb a00000089.row_index.atx
111.03.16 14:33 B G:\WMP_DVD2\clipped_2100.gdb\a0000008a.gdbindexes --> dnrftp.dnr.state.md.us /Public/Outgoing/CCWS/WMP/WMP_DVD2/clipped_2100.gdb a0000008a.gdbindexes
111.03.16 14:33 B G:\WMP_DVD2\clipped_2100.gdb\a0000008a.gdbtable --> dnrftp.dnr.state.md.us /Public/Outgoing/CCWS/WMP/WMP_DVD2/clipped_2100.gdb a0000008a.gdbtable
111.03.16 14:33 B G:\WMP_DVD2\clipped_2100.gdb\a0000008a.gdbtablx --> dnrftp.dnr.state.md.us /Public/Outgoing/CCWS/WMP/WMP_DVD2/clipped_2100.gdb a0000008a.gdbtablx
111.03.16 14:33 B G:\WMP_DVD2\clipped_2100.gdb\a0000008b.gdbindexes --> dnrftp.dnr.state.md.us /Public/Outgoing/CCWS/WMP/WMP_DVD2/clipped_2100.gdb a0000008b.gdbindexes
111.03.16 14:33 B G:\WMP_DVD2\clipped_2100.gdb\a0000008b.gdbtable --> dnrftp.dnr.state.md.us /Public/Outgoing/CCWS/WMP/WMP_DVD2/clipped_2100.gdb a0000008b.gdbtable
111.03.16 14:33 B G:\WMP_DVD2\clipped_2100.gdb\a0000008b.gdbtablx --> dnrftp.dnr.state.md.us /Public/Outgoing/CCWS/WMP/WMP_DVD2/clipped_2100.gdb a0000008b.gdbtablx
111.03.16 14:33 B G:\WMP_DVD2\clipped_2100.gdb\a0000008c.gdbindexes --> dnrftp.dnr.state.md.us /Public/Outgoing/CCWS/WMP/WMP_DVD2/clipped_2100.gdb a0000008c.gdbindexes
111.03.16 14:33 B G:\WMP_DVD2\clipped_2100.gdb\a0000008c.gdbtable --> dnrftp.dnr.state.md.us /Public/Outgoing/CCWS/WMP/WMP_DVD2/clipped_2100.gdb a0000008c.gdbtable
111.03.16 14:33 B G:\WMP_DVD2\clipped_2100.gdb\a0000008c.gdbtablx --> dnrftp.dnr.state.md.us /Public/Outgoing/CCWS/WMP/WMP_DVD2/clipped_2100.gdb a0000008c.gdbtablx
111.03.16 14:33 B G:\WMP_DVD2\clipped_2100.gdb\a0000008c.spx --> dnrftp.dnr.state.md.us /Public/Outgoing/CCWS/WMP/WMP_DVD2/clipped_2100.gdb a0000008c.spx
111.03.16 14:33 B G:\WMP_DVD2\clipped_2100.gdb\a0000008d.gdbindexes --> dnrftp.dnr.state.md.us /Public/Outgoing/CCWS/WMP/WMP_DVD2/clipped_2100.gdb a0000008d.gdbindexes
111.03.16 14:33 B G:\WMP_DVD2\clipped_2100.gdb\a0000008d.gdbtable --> dnrftp.dnr.state.md.us /Public/Outgoing/CCWS/WMP/WMP_DVD2/clipped_2100.gdb a0000008d.gdbtable
111.03.16 14:33 B G:\WMP_DVD2\clipped_2100.gdb\a0000008d.gdbtablx --> dnrftp.dnr.state.md.us /Public/Outgoing/CCWS/WMP/WMP_DVD2/clipped_2100.gdb a0000008d.gdbtablx
111.03.16 14:33 B G:\WMP_DVD2\clipped_2100.gdb\a0000008e.gdbindexes --> dnrftp.dnr.state.md.us /Public/Outgoing/CCWS/WMP/WMP_DVD2/clipped_2100.gdb a0000008e.gdbindexes
111.03.16 14:33 B G:\WMP_DVD2\clipped_2100.gdb\a0000008e.gdbtable --> dnrftp.dnr.state.md.us /Public/Outgoing/CCWS/WMP/WMP_DVD2/clipped_2100.gdb a0000008e.gdbtable
111.03.16 14:33 B G:\WMP_DVD2\clipped_2100.gdb\a0000008e.gdbtablx --> dnrftp.dnr.state.md.us /Public/Outgoing/CCWS/WMP/WMP_DVD2/clipped_2100.gdb a0000008e.gdbtablx
111.03.16 14:33 B G:\WMP_DVD2\clipped_2100.gdb\a0000008f.blk_key_index.atx --> dnrftp.dnr.state.md.us /Public/Outgoing/CCWS/WMP/WMP_DVD2/clipped_2100.gdb a0000008f.blk_key_index.atx
111.03.16 14:33 B G:\WMP_DVD2\clipped_2100.gdb\a0000008f.col_index.atx --> dnrftp.dnr.state.md.us /Public/Outgoing/CCWS/WMP/WMP_DVD2/clipped_2100.gdb a0000008f.col_index.atx
111.03.16 14:33 B G:\WMP_DVD2\clipped_2100.gdb\a0000008f.gdbindexes --> dnrftp.dnr.state.md.us /Public/Outgoing/CCWS/WMP/WMP_DVD2/clipped_2100.gdb a0000008f.gdbindexes
111.03.16 14:33 B G:\WMP_DVD2\clipped_2100.gdb\a0000008f.gdbtable --> dnrftp.dnr.state.md.us /Public/Outgoing/CCWS/WMP/WMP_DVD2/clipped_2100.gdb a0000008f.gdbtable
111.03.16 14:33 B G:\WMP_DVD2\clipped_2100.gdb\a0000008f.gdbtablx --> dnrftp.dnr.state.md.us /Public/Outgoing/CCWS/WMP/WMP_DVD2/clipped_2100.gdb a0000008f.gdbtablx
111.03.16 14:33 B G:\WMP_DVD2\clipped_2100.gdb\a0000008f.row_index.atx --> dnrftp.dnr.state.md.us /Public/Outgoing/CCWS/WMP/WMP_DVD2/clipped_2100.gdb a0000008f.row_index.atx
111.03.16 14:33 B G:\WMP_DVD2\clipped_2100.gdb\a00000090.gdbindexes --> dnrftp.dnr.state.md.us /Public/Outgoing/CCWS/WMP/WMP_DVD2/clipped_2100.gdb a00000090.gdbindexes
111.03.16 14:33 B G:\WMP_DVD2\clipped_2100.gdb\a00000090.gdbtable --> dnrftp.dnr.state.md.us /Public/Outgoing/CCWS/WMP/WMP_DVD2/clipped_2100.gdb a00000090.gdbtable
111.03.16 14:33 B G:\WMP_DVD2\clipped_2100.gdb\a00000090.gdbtablx --> dnrftp.dnr.state.md.us /Public/Outgoing/CCWS/WMP/WMP_DVD2/clipped_2100.gdb a00000090.gdbtablx
111.03.16 14:33 B G:\WMP_DVD2\clipped_2100.gdb\a00000091.gdbindexes --> dnrftp.dnr.state.md.us /Public/Outgoing/CCWS/WMP/WMP_DVD2/clipped_2100.gdb a00000091.gdbindexes
111.03.16 14:33 B G:\WMP_DVD2\clipped_2100.gdb\a00000091.gdbtable --> dnrftp.dnr.state.md.us /Public/Outgoing/CCWS/WMP/WMP_DVD2/clipped_2100.gdb a00000091.gdbtable
111.03.16 14:33 B G:\WMP_DVD2\clipped_2100.gdb\a00000091.gdbtablx --> dnrftp.dnr.state.md.us /Public/Outgoing/CCWS/WMP/WMP_DVD2/clipped_2100.gdb a00000091.gdbtablx
111.03.16 14:33 B G:\WMP_DVD2\clipped_2100.gdb\gdb --> dnrftp.dnr.state.md.us /Public/Outgoing/CCWS/WMP/WMP_DVD2/clipped_2100.gdb gdb
111.03.16 14:33 B G:\WMP_DVD2\clipped_2100.gdb\timestamps --> dnrftp.dnr.state.md.us /Public/Outgoing/CCWS/WMP/WMP_DVD2/clipped_2100.gdb timestamps
